Building DAG of jobs...
Using shell: /bin/bash
Provided cores: 20
Rules claiming more threads will be scaled down.
Conda environments: ignored
Job stats:
job      count    min threads    max threads
-----  -------  -------------  -------------
all          1              1              1
kb_gc       26             10             10
total       27              1             10

Select jobs to execute...

[Mon Jul 19 20:05:19 2021]
rule kb_gc:
    input: fastq_gz/SRR4340020_1.fastq.gz, fastq_gz/SRR4340020_2.fastq.gz
    output: kb_SRR4340020/counts_filtered/adata.h5ad
    log: logs/kallisto-bus_SRR4340020.log
    jobid: 1
    wildcards: sample=SRR4340020
    threads: 10
    resources: tmpdir=/tmp

kb count             -i /mnt/pub/GENCODE/M27/transcriptome.idx             -g /mnt/pub/GENCODE/M27/transcripts_to_genes.txt             -o kb_SRR4340020             -x DROPSEQ             -t 10             --h5ad             --filter bustools             fastq_gz/SRR4340020_1.fastq.gz fastq_gz/SRR4340020_2.fastq.gz

[Mon Jul 19 20:05:19 2021]
rule kb_gc:
    input: fastq_gz/SRR4340031_1.fastq.gz, fastq_gz/SRR4340031_2.fastq.gz
    output: kb_SRR4340031/counts_filtered/adata.h5ad
    log: logs/kallisto-bus_SRR4340031.log
    jobid: 12
    wildcards: sample=SRR4340031
    threads: 10
    resources: tmpdir=/tmp

kb count             -i /mnt/pub/GENCODE/M27/transcriptome.idx             -g /mnt/pub/GENCODE/M27/transcripts_to_genes.txt             -o kb_SRR4340031             -x DROPSEQ             -t 10             --h5ad             --filter bustools             fastq_gz/SRR4340031_1.fastq.gz fastq_gz/SRR4340031_2.fastq.gz
[2021-07-19 20:05:21,311]    INFO [count] Using index /mnt/pub/GENCODE/M27/transcriptome.idx to generate BUS file to kb_SRR4340031 from
[2021-07-19 20:05:21,311]    INFO [count] Using index /mnt/pub/GENCODE/M27/transcriptome.idx to generate BUS file to kb_SRR4340020 from
[2021-07-19 20:05:21,312]    INFO [count]         fastq_gz/SRR4340031_1.fastq.gz
[2021-07-19 20:05:21,312]    INFO [count]         fastq_gz/SRR4340020_1.fastq.gz
[2021-07-19 20:05:21,312]    INFO [count]         fastq_gz/SRR4340031_2.fastq.gz
[2021-07-19 20:05:21,312]    INFO [count]         fastq_gz/SRR4340020_2.fastq.gz
[2021-07-19 20:06:38,729]    INFO [count] Sorting BUS file kb_SRR4340020/output.bus to kb_SRR4340020/tmp/output.s.bus
[2021-07-19 20:06:46,329]    INFO [count] Whitelist not provided
[2021-07-19 20:06:46,330]    INFO [count] Generating whitelist kb_SRR4340020/whitelist.txt from BUS file kb_SRR4340020/tmp/output.s.bus
[2021-07-19 20:06:46,380]    INFO [count] Inspecting BUS file kb_SRR4340020/tmp/output.s.bus
[2021-07-19 20:06:48,777]    INFO [count] Correcting BUS records in kb_SRR4340020/tmp/output.s.bus to kb_SRR4340020/tmp/output.s.c.bus with whitelist kb_SRR4340020/whitelist.txt
[2021-07-19 20:06:49,891]    INFO [count] Sorting BUS file kb_SRR4340020/tmp/output.s.c.bus to kb_SRR4340020/output.unfiltered.bus
[2021-07-19 20:06:54,646]    INFO [count] Generating count matrix kb_SRR4340020/counts_unfiltered/cells_x_genes from BUS file kb_SRR4340020/output.unfiltered.bus
[2021-07-19 20:06:58,016]    INFO [count] Reading matrix kb_SRR4340020/counts_unfiltered/cells_x_genes.mtx
[2021-07-19 20:06:59,079]    INFO [count] Writing matrix to h5ad kb_SRR4340020/counts_unfiltered/adata.h5ad
... storing 'gene_name' as categorical
[2021-07-19 20:06:59,723]    INFO [count] Filtering with bustools
[2021-07-19 20:06:59,724]    INFO [count] Generating whitelist kb_SRR4340020/filter_barcodes.txt from BUS file kb_SRR4340020/output.unfiltered.bus
[2021-07-19 20:06:59,758]    INFO [count] Correcting BUS records in kb_SRR4340020/output.unfiltered.bus to kb_SRR4340020/tmp/output.unfiltered.c.bus with whitelist kb_SRR4340020/filter_barcodes.txt
[2021-07-19 20:07:00,538]    INFO [count] Sorting BUS file kb_SRR4340020/tmp/output.unfiltered.c.bus to kb_SRR4340020/output.filtered.bus
[2021-07-19 20:07:04,965]    INFO [count] Generating count matrix kb_SRR4340020/counts_filtered/cells_x_genes from BUS file kb_SRR4340020/output.filtered.bus
[2021-07-19 20:07:08,037]    INFO [count] Reading matrix kb_SRR4340020/counts_filtered/cells_x_genes.mtx
[2021-07-19 20:07:08,969]    INFO [count] Writing matrix to h5ad kb_SRR4340020/counts_filtered/adata.h5ad
... storing 'gene_name' as categorical
[Mon Jul 19 20:07:09 2021]
Finished job 1.
1 of 27 steps (4%) done
Select jobs to execute...

[Mon Jul 19 20:07:09 2021]
rule kb_gc:
    input: fastq_gz/SRR4340029_1.fastq.gz, fastq_gz/SRR4340029_2.fastq.gz
    output: kb_SRR4340029/counts_filtered/adata.h5ad
    log: logs/kallisto-bus_SRR4340029.log
    jobid: 10
    wildcards: sample=SRR4340029
    threads: 10
    resources: tmpdir=/tmp

kb count             -i /mnt/pub/GENCODE/M27/transcriptome.idx             -g /mnt/pub/GENCODE/M27/transcripts_to_genes.txt             -o kb_SRR4340029             -x DROPSEQ             -t 10             --h5ad             --filter bustools             fastq_gz/SRR4340029_1.fastq.gz fastq_gz/SRR4340029_2.fastq.gz
[2021-07-19 20:07:11,248]    INFO [count] Using index /mnt/pub/GENCODE/M27/transcriptome.idx to generate BUS file to kb_SRR4340029 from
[2021-07-19 20:07:11,248]    INFO [count]         fastq_gz/SRR4340029_1.fastq.gz
[2021-07-19 20:07:11,248]    INFO [count]         fastq_gz/SRR4340029_2.fastq.gz
[2021-07-19 20:07:29,995]    INFO [count] Sorting BUS file kb_SRR4340031/output.bus to kb_SRR4340031/tmp/output.s.bus
[2021-07-19 20:07:39,318]    INFO [count] Whitelist not provided
[2021-07-19 20:07:39,319]    INFO [count] Generating whitelist kb_SRR4340031/whitelist.txt from BUS file kb_SRR4340031/tmp/output.s.bus
[2021-07-19 20:07:39,381]    INFO [count] Inspecting BUS file kb_SRR4340031/tmp/output.s.bus
[2021-07-19 20:07:41,270]    INFO [count] Correcting BUS records in kb_SRR4340031/tmp/output.s.bus to kb_SRR4340031/tmp/output.s.c.bus with whitelist kb_SRR4340031/whitelist.txt
[2021-07-19 20:07:43,517]    INFO [count] Sorting BUS file kb_SRR4340031/tmp/output.s.c.bus to kb_SRR4340031/output.unfiltered.bus
[2021-07-19 20:07:49,777]    INFO [count] Generating count matrix kb_SRR4340031/counts_unfiltered/cells_x_genes from BUS file kb_SRR4340031/output.unfiltered.bus
[2021-07-19 20:07:55,729]    INFO [count] Reading matrix kb_SRR4340031/counts_unfiltered/cells_x_genes.mtx
[2021-07-19 20:07:58,001]    INFO [count] Writing matrix to h5ad kb_SRR4340031/counts_unfiltered/adata.h5ad
... storing 'gene_name' as categorical
[2021-07-19 20:07:58,641]    INFO [count] Filtering with bustools
[2021-07-19 20:07:58,642]    INFO [count] Generating whitelist kb_SRR4340031/filter_barcodes.txt from BUS file kb_SRR4340031/output.unfiltered.bus
[2021-07-19 20:07:58,694]    INFO [count] Correcting BUS records in kb_SRR4340031/output.unfiltered.bus to kb_SRR4340031/tmp/output.unfiltered.c.bus with whitelist kb_SRR4340031/filter_barcodes.txt
[2021-07-19 20:08:00,587]    INFO [count] Sorting BUS file kb_SRR4340031/tmp/output.unfiltered.c.bus to kb_SRR4340031/output.filtered.bus
[2021-07-19 20:08:06,668]    INFO [count] Generating count matrix kb_SRR4340031/counts_filtered/cells_x_genes from BUS file kb_SRR4340031/output.filtered.bus
[2021-07-19 20:08:11,406]    INFO [count] Reading matrix kb_SRR4340031/counts_filtered/cells_x_genes.mtx
[2021-07-19 20:08:13,319]    INFO [count] Writing matrix to h5ad kb_SRR4340031/counts_filtered/adata.h5ad
... storing 'gene_name' as categorical
[Mon Jul 19 20:08:14 2021]
Finished job 12.
2 of 27 steps (7%) done
Select jobs to execute...

[Mon Jul 19 20:08:14 2021]
rule kb_gc:
    input: fastq_gz/SRR4340021_1.fastq.gz, fastq_gz/SRR4340021_2.fastq.gz
    output: kb_SRR4340021/counts_filtered/adata.h5ad
    log: logs/kallisto-bus_SRR4340021.log
    jobid: 2
    wildcards: sample=SRR4340021
    threads: 10
    resources: tmpdir=/tmp

kb count             -i /mnt/pub/GENCODE/M27/transcriptome.idx             -g /mnt/pub/GENCODE/M27/transcripts_to_genes.txt             -o kb_SRR4340021             -x DROPSEQ             -t 10             --h5ad             --filter bustools             fastq_gz/SRR4340021_1.fastq.gz fastq_gz/SRR4340021_2.fastq.gz
[2021-07-19 20:08:15,919]    INFO [count] Using index /mnt/pub/GENCODE/M27/transcriptome.idx to generate BUS file to kb_SRR4340021 from
[2021-07-19 20:08:15,920]    INFO [count]         fastq_gz/SRR4340021_1.fastq.gz
[2021-07-19 20:08:15,920]    INFO [count]         fastq_gz/SRR4340021_2.fastq.gz
[2021-07-19 20:09:44,440]    INFO [count] Sorting BUS file kb_SRR4340029/output.bus to kb_SRR4340029/tmp/output.s.bus
[2021-07-19 20:10:10,518]    INFO [count] Whitelist not provided
[2021-07-19 20:10:10,518]    INFO [count] Generating whitelist kb_SRR4340029/whitelist.txt from BUS file kb_SRR4340029/tmp/output.s.bus
[2021-07-19 20:10:10,679]    INFO [count] Inspecting BUS file kb_SRR4340029/tmp/output.s.bus
[2021-07-19 20:10:14,485]    INFO [count] Correcting BUS records in kb_SRR4340029/tmp/output.s.bus to kb_SRR4340029/tmp/output.s.c.bus with whitelist kb_SRR4340029/whitelist.txt
[2021-07-19 20:10:20,580]    INFO [count] Sorting BUS file kb_SRR4340029/tmp/output.s.c.bus to kb_SRR4340029/output.unfiltered.bus
[2021-07-19 20:10:22,224]    INFO [count] Sorting BUS file kb_SRR4340021/output.bus to kb_SRR4340021/tmp/output.s.bus
[2021-07-19 20:10:31,401]    INFO [count] Generating count matrix kb_SRR4340029/counts_unfiltered/cells_x_genes from BUS file kb_SRR4340029/output.unfiltered.bus
[2021-07-19 20:10:33,190]    INFO [count] Whitelist not provided
[2021-07-19 20:10:33,191]    INFO [count] Generating whitelist kb_SRR4340021/whitelist.txt from BUS file kb_SRR4340021/tmp/output.s.bus
[2021-07-19 20:10:33,253]    INFO [count] Inspecting BUS file kb_SRR4340021/tmp/output.s.bus
[2021-07-19 20:10:34,977]    INFO [count] Correcting BUS records in kb_SRR4340021/tmp/output.s.bus to kb_SRR4340021/tmp/output.s.c.bus with whitelist kb_SRR4340021/whitelist.txt
[2021-07-19 20:10:36,623]    INFO [count] Sorting BUS file kb_SRR4340021/tmp/output.s.c.bus to kb_SRR4340021/output.unfiltered.bus
[2021-07-19 20:10:38,678]    INFO [count] Reading matrix kb_SRR4340029/counts_unfiltered/cells_x_genes.mtx
[2021-07-19 20:10:41,512]    INFO [count] Generating count matrix kb_SRR4340021/counts_unfiltered/cells_x_genes from BUS file kb_SRR4340021/output.unfiltered.bus
[2021-07-19 20:10:41,734]    INFO [count] Writing matrix to h5ad kb_SRR4340029/counts_unfiltered/adata.h5ad
... storing 'gene_name' as categorical
[2021-07-19 20:10:42,476]    INFO [count] Filtering with bustools
[2021-07-19 20:10:42,476]    INFO [count] Generating whitelist kb_SRR4340029/filter_barcodes.txt from BUS file kb_SRR4340029/output.unfiltered.bus
[2021-07-19 20:10:42,562]    INFO [count] Correcting BUS records in kb_SRR4340029/output.unfiltered.bus to kb_SRR4340029/tmp/output.unfiltered.c.bus with whitelist kb_SRR4340029/filter_barcodes.txt
[2021-07-19 20:10:45,113]    INFO [count] Reading matrix kb_SRR4340021/counts_unfiltered/cells_x_genes.mtx
[2021-07-19 20:10:46,320]    INFO [count] Writing matrix to h5ad kb_SRR4340021/counts_unfiltered/adata.h5ad
[2021-07-19 20:10:46,505]    INFO [count] Sorting BUS file kb_SRR4340029/tmp/output.unfiltered.c.bus to kb_SRR4340029/output.filtered.bus
... storing 'gene_name' as categorical
[2021-07-19 20:10:46,872]    INFO [count] Filtering with bustools
[2021-07-19 20:10:46,872]    INFO [count] Generating whitelist kb_SRR4340021/filter_barcodes.txt from BUS file kb_SRR4340021/output.unfiltered.bus
[2021-07-19 20:10:46,912]    INFO [count] Correcting BUS records in kb_SRR4340021/output.unfiltered.bus to kb_SRR4340021/tmp/output.unfiltered.c.bus with whitelist kb_SRR4340021/filter_barcodes.txt
[2021-07-19 20:10:48,091]    INFO [count] Sorting BUS file kb_SRR4340021/tmp/output.unfiltered.c.bus to kb_SRR4340021/output.filtered.bus
[2021-07-19 20:10:53,224]    INFO [count] Generating count matrix kb_SRR4340021/counts_filtered/cells_x_genes from BUS file kb_SRR4340021/output.filtered.bus
[2021-07-19 20:10:56,024]    INFO [count] Generating count matrix kb_SRR4340029/counts_filtered/cells_x_genes from BUS file kb_SRR4340029/output.filtered.bus
[2021-07-19 20:10:56,236]    INFO [count] Reading matrix kb_SRR4340021/counts_filtered/cells_x_genes.mtx
[2021-07-19 20:10:57,170]    INFO [count] Writing matrix to h5ad kb_SRR4340021/counts_filtered/adata.h5ad
... storing 'gene_name' as categorical
[Mon Jul 19 20:10:57 2021]
Finished job 2.
3 of 27 steps (11%) done
Select jobs to execute...

[Mon Jul 19 20:10:57 2021]
rule kb_gc:
    input: fastq_gz/SRR4340036_1.fastq.gz, fastq_gz/SRR4340036_2.fastq.gz
    output: kb_SRR4340036/counts_filtered/adata.h5ad
    log: logs/kallisto-bus_SRR4340036.log
    jobid: 17
    wildcards: sample=SRR4340036
    threads: 10
    resources: tmpdir=/tmp

kb count             -i /mnt/pub/GENCODE/M27/transcriptome.idx             -g /mnt/pub/GENCODE/M27/transcripts_to_genes.txt             -o kb_SRR4340036             -x DROPSEQ             -t 10             --h5ad             --filter bustools             fastq_gz/SRR4340036_1.fastq.gz fastq_gz/SRR4340036_2.fastq.gz
[2021-07-19 20:10:59,633]    INFO [count] Using index /mnt/pub/GENCODE/M27/transcriptome.idx to generate BUS file to kb_SRR4340036 from
[2021-07-19 20:10:59,633]    INFO [count]         fastq_gz/SRR4340036_1.fastq.gz
[2021-07-19 20:10:59,633]    INFO [count]         fastq_gz/SRR4340036_2.fastq.gz
[2021-07-19 20:11:01,933]    INFO [count] Reading matrix kb_SRR4340029/counts_filtered/cells_x_genes.mtx
[2021-07-19 20:11:04,014]    INFO [count] Writing matrix to h5ad kb_SRR4340029/counts_filtered/adata.h5ad
... storing 'gene_name' as categorical
[Mon Jul 19 20:11:04 2021]
Finished job 10.
4 of 27 steps (15%) done
Select jobs to execute...

[Mon Jul 19 20:11:04 2021]
rule kb_gc:
    input: fastq_gz/SRR4340030_1.fastq.gz, fastq_gz/SRR4340030_2.fastq.gz
    output: kb_SRR4340030/counts_filtered/adata.h5ad
    log: logs/kallisto-bus_SRR4340030.log
    jobid: 11
    wildcards: sample=SRR4340030
    threads: 10
    resources: tmpdir=/tmp

kb count             -i /mnt/pub/GENCODE/M27/transcriptome.idx             -g /mnt/pub/GENCODE/M27/transcripts_to_genes.txt             -o kb_SRR4340030             -x DROPSEQ             -t 10             --h5ad             --filter bustools             fastq_gz/SRR4340030_1.fastq.gz fastq_gz/SRR4340030_2.fastq.gz
[2021-07-19 20:11:06,100]    INFO [count] Using index /mnt/pub/GENCODE/M27/transcriptome.idx to generate BUS file to kb_SRR4340030 from
[2021-07-19 20:11:06,100]    INFO [count]         fastq_gz/SRR4340030_1.fastq.gz
[2021-07-19 20:11:06,101]    INFO [count]         fastq_gz/SRR4340030_2.fastq.gz
[2021-07-19 20:12:12,732]    INFO [count] Sorting BUS file kb_SRR4340036/output.bus to kb_SRR4340036/tmp/output.s.bus
[2021-07-19 20:12:23,252]    INFO [count] Whitelist not provided
[2021-07-19 20:12:23,253]    INFO [count] Generating whitelist kb_SRR4340036/whitelist.txt from BUS file kb_SRR4340036/tmp/output.s.bus
[2021-07-19 20:12:23,311]    INFO [count] Inspecting BUS file kb_SRR4340036/tmp/output.s.bus
[2021-07-19 20:12:25,449]    INFO [count] Correcting BUS records in kb_SRR4340036/tmp/output.s.bus to kb_SRR4340036/tmp/output.s.c.bus with whitelist kb_SRR4340036/whitelist.txt
[2021-07-19 20:12:27,898]    INFO [count] Sorting BUS file kb_SRR4340036/tmp/output.s.c.bus to kb_SRR4340036/output.unfiltered.bus
[2021-07-19 20:12:34,441]    INFO [count] Generating count matrix kb_SRR4340036/counts_unfiltered/cells_x_genes from BUS file kb_SRR4340036/output.unfiltered.bus
[2021-07-19 20:12:38,407]    INFO [count] Reading matrix kb_SRR4340036/counts_unfiltered/cells_x_genes.mtx
[2021-07-19 20:12:39,855]    INFO [count] Writing matrix to h5ad kb_SRR4340036/counts_unfiltered/adata.h5ad
... storing 'gene_name' as categorical
[2021-07-19 20:12:40,568]    INFO [count] Filtering with bustools
[2021-07-19 20:12:40,569]    INFO [count] Generating whitelist kb_SRR4340036/filter_barcodes.txt from BUS file kb_SRR4340036/output.unfiltered.bus
[2021-07-19 20:12:40,620]    INFO [count] Correcting BUS records in kb_SRR4340036/output.unfiltered.bus to kb_SRR4340036/tmp/output.unfiltered.c.bus with whitelist kb_SRR4340036/filter_barcodes.txt
[2021-07-19 20:12:42,410]    INFO [count] Sorting BUS file kb_SRR4340036/tmp/output.unfiltered.c.bus to kb_SRR4340036/output.filtered.bus
[2021-07-19 20:12:48,741]    INFO [count] Generating count matrix kb_SRR4340036/counts_filtered/cells_x_genes from BUS file kb_SRR4340036/output.filtered.bus
[2021-07-19 20:12:52,529]    INFO [count] Reading matrix kb_SRR4340036/counts_filtered/cells_x_genes.mtx
[2021-07-19 20:12:53,648]    INFO [count] Writing matrix to h5ad kb_SRR4340036/counts_filtered/adata.h5ad
... storing 'gene_name' as categorical
[Mon Jul 19 20:12:54 2021]
Finished job 17.
5 of 27 steps (19%) done
Select jobs to execute...

[Mon Jul 19 20:12:54 2021]
rule kb_gc:
    input: fastq_gz/SRR4340045_1.fastq.gz, fastq_gz/SRR4340045_2.fastq.gz
    output: kb_SRR4340045/counts_filtered/adata.h5ad
    log: logs/kallisto-bus_SRR4340045.log
    jobid: 26
    wildcards: sample=SRR4340045
    threads: 10
    resources: tmpdir=/tmp

kb count             -i /mnt/pub/GENCODE/M27/transcriptome.idx             -g /mnt/pub/GENCODE/M27/transcripts_to_genes.txt             -o kb_SRR4340045             -x DROPSEQ             -t 10             --h5ad             --filter bustools             fastq_gz/SRR4340045_1.fastq.gz fastq_gz/SRR4340045_2.fastq.gz
[2021-07-19 20:12:56,056]    INFO [count] Using index /mnt/pub/GENCODE/M27/transcriptome.idx to generate BUS file to kb_SRR4340045 from
[2021-07-19 20:12:56,056]    INFO [count]         fastq_gz/SRR4340045_1.fastq.gz
[2021-07-19 20:12:56,056]    INFO [count]         fastq_gz/SRR4340045_2.fastq.gz
[2021-07-19 20:13:02,513]    INFO [count] Sorting BUS file kb_SRR4340030/output.bus to kb_SRR4340030/tmp/output.s.bus
[2021-07-19 20:13:17,893]    INFO [count] Whitelist not provided
[2021-07-19 20:13:17,894]    INFO [count] Generating whitelist kb_SRR4340030/whitelist.txt from BUS file kb_SRR4340030/tmp/output.s.bus
[2021-07-19 20:13:18,002]    INFO [count] Inspecting BUS file kb_SRR4340030/tmp/output.s.bus
[2021-07-19 20:13:21,103]    INFO [count] Correcting BUS records in kb_SRR4340030/tmp/output.s.bus to kb_SRR4340030/tmp/output.s.c.bus with whitelist kb_SRR4340030/whitelist.txt
[2021-07-19 20:13:25,278]    INFO [count] Sorting BUS file kb_SRR4340030/tmp/output.s.c.bus to kb_SRR4340030/output.unfiltered.bus
[2021-07-19 20:13:36,379]    INFO [count] Generating count matrix kb_SRR4340030/counts_unfiltered/cells_x_genes from BUS file kb_SRR4340030/output.unfiltered.bus
[2021-07-19 20:13:42,304]    INFO [count] Reading matrix kb_SRR4340030/counts_unfiltered/cells_x_genes.mtx
[2021-07-19 20:13:44,415]    INFO [count] Writing matrix to h5ad kb_SRR4340030/counts_unfiltered/adata.h5ad
... storing 'gene_name' as categorical
[2021-07-19 20:13:45,170]    INFO [count] Filtering with bustools
[2021-07-19 20:13:45,170]    INFO [count] Generating whitelist kb_SRR4340030/filter_barcodes.txt from BUS file kb_SRR4340030/output.unfiltered.bus
[2021-07-19 20:13:45,253]    INFO [count] Correcting BUS records in kb_SRR4340030/output.unfiltered.bus to kb_SRR4340030/tmp/output.unfiltered.c.bus with whitelist kb_SRR4340030/filter_barcodes.txt
[2021-07-19 20:13:48,271]    INFO [count] Sorting BUS file kb_SRR4340030/tmp/output.unfiltered.c.bus to kb_SRR4340030/output.filtered.bus
[2021-07-19 20:13:56,226]    INFO [count] Generating count matrix kb_SRR4340030/counts_filtered/cells_x_genes from BUS file kb_SRR4340030/output.filtered.bus
[2021-07-19 20:14:01,132]    INFO [count] Reading matrix kb_SRR4340030/counts_filtered/cells_x_genes.mtx
[2021-07-19 20:14:03,020]    INFO [count] Writing matrix to h5ad kb_SRR4340030/counts_filtered/adata.h5ad
... storing 'gene_name' as categorical
[Mon Jul 19 20:14:04 2021]
Finished job 11.
6 of 27 steps (22%) done
Select jobs to execute...

[Mon Jul 19 20:14:04 2021]
rule kb_gc:
    input: fastq_gz/SRR4340022_1.fastq.gz, fastq_gz/SRR4340022_2.fastq.gz
    output: kb_SRR4340022/counts_filtered/adata.h5ad
    log: logs/kallisto-bus_SRR4340022.log
    jobid: 3
    wildcards: sample=SRR4340022
    threads: 10
    resources: tmpdir=/tmp

kb count             -i /mnt/pub/GENCODE/M27/transcriptome.idx             -g /mnt/pub/GENCODE/M27/transcripts_to_genes.txt             -o kb_SRR4340022             -x DROPSEQ             -t 10             --h5ad             --filter bustools             fastq_gz/SRR4340022_1.fastq.gz fastq_gz/SRR4340022_2.fastq.gz
[2021-07-19 20:14:05,309]    INFO [count] Using index /mnt/pub/GENCODE/M27/transcriptome.idx to generate BUS file to kb_SRR4340022 from
[2021-07-19 20:14:05,310]    INFO [count]         fastq_gz/SRR4340022_1.fastq.gz
[2021-07-19 20:14:05,310]    INFO [count]         fastq_gz/SRR4340022_2.fastq.gz
[2021-07-19 20:14:07,084]    INFO [count] Sorting BUS file kb_SRR4340045/output.bus to kb_SRR4340045/tmp/output.s.bus
[2021-07-19 20:14:15,803]    INFO [count] Whitelist not provided
[2021-07-19 20:14:15,803]    INFO [count] Generating whitelist kb_SRR4340045/whitelist.txt from BUS file kb_SRR4340045/tmp/output.s.bus
[2021-07-19 20:14:15,871]    INFO [count] Inspecting BUS file kb_SRR4340045/tmp/output.s.bus
[2021-07-19 20:14:17,600]    INFO [count] Correcting BUS records in kb_SRR4340045/tmp/output.s.bus to kb_SRR4340045/tmp/output.s.c.bus with whitelist kb_SRR4340045/whitelist.txt
[2021-07-19 20:14:20,090]    INFO [count] Sorting BUS file kb_SRR4340045/tmp/output.s.c.bus to kb_SRR4340045/output.unfiltered.bus
[2021-07-19 20:14:25,801]    INFO [count] Generating count matrix kb_SRR4340045/counts_unfiltered/cells_x_genes from BUS file kb_SRR4340045/output.unfiltered.bus
[2021-07-19 20:14:33,854]    INFO [count] Reading matrix kb_SRR4340045/counts_unfiltered/cells_x_genes.mtx
[2021-07-19 20:14:36,914]    INFO [count] Writing matrix to h5ad kb_SRR4340045/counts_unfiltered/adata.h5ad
... storing 'gene_name' as categorical
[2021-07-19 20:14:37,660]    INFO [count] Filtering with bustools
[2021-07-19 20:14:37,660]    INFO [count] Generating whitelist kb_SRR4340045/filter_barcodes.txt from BUS file kb_SRR4340045/output.unfiltered.bus
[2021-07-19 20:14:37,714]    INFO [count] Correcting BUS records in kb_SRR4340045/output.unfiltered.bus to kb_SRR4340045/tmp/output.unfiltered.c.bus with whitelist kb_SRR4340045/filter_barcodes.txt
[2021-07-19 20:14:39,791]    INFO [count] Sorting BUS file kb_SRR4340045/tmp/output.unfiltered.c.bus to kb_SRR4340045/output.filtered.bus
[2021-07-19 20:14:46,118]    INFO [count] Generating count matrix kb_SRR4340045/counts_filtered/cells_x_genes from BUS file kb_SRR4340045/output.filtered.bus
[2021-07-19 20:14:52,308]    INFO [count] Reading matrix kb_SRR4340045/counts_filtered/cells_x_genes.mtx
[2021-07-19 20:14:54,763]    INFO [count] Writing matrix to h5ad kb_SRR4340045/counts_filtered/adata.h5ad
... storing 'gene_name' as categorical
[Mon Jul 19 20:14:55 2021]
Finished job 26.
7 of 27 steps (26%) done
Select jobs to execute...

[Mon Jul 19 20:14:55 2021]
rule kb_gc:
    input: fastq_gz/SRR4340044_1.fastq.gz, fastq_gz/SRR4340044_2.fastq.gz
    output: kb_SRR4340044/counts_filtered/adata.h5ad
    log: logs/kallisto-bus_SRR4340044.log
    jobid: 25
    wildcards: sample=SRR4340044
    threads: 10
    resources: tmpdir=/tmp

kb count             -i /mnt/pub/GENCODE/M27/transcriptome.idx             -g /mnt/pub/GENCODE/M27/transcripts_to_genes.txt             -o kb_SRR4340044             -x DROPSEQ             -t 10             --h5ad             --filter bustools             fastq_gz/SRR4340044_1.fastq.gz fastq_gz/SRR4340044_2.fastq.gz
[2021-07-19 20:14:57,059]    INFO [count] Using index /mnt/pub/GENCODE/M27/transcriptome.idx to generate BUS file to kb_SRR4340044 from
[2021-07-19 20:14:57,060]    INFO [count]         fastq_gz/SRR4340044_1.fastq.gz
[2021-07-19 20:14:57,060]    INFO [count]         fastq_gz/SRR4340044_2.fastq.gz
[2021-07-19 20:15:40,426]    INFO [count] Sorting BUS file kb_SRR4340022/output.bus to kb_SRR4340022/tmp/output.s.bus
[2021-07-19 20:15:50,650]    INFO [count] Whitelist not provided
[2021-07-19 20:15:50,650]    INFO [count] Generating whitelist kb_SRR4340022/whitelist.txt from BUS file kb_SRR4340022/tmp/output.s.bus
[2021-07-19 20:15:50,717]    INFO [count] Inspecting BUS file kb_SRR4340022/tmp/output.s.bus
[2021-07-19 20:15:52,743]    INFO [count] Correcting BUS records in kb_SRR4340022/tmp/output.s.bus to kb_SRR4340022/tmp/output.s.c.bus with whitelist kb_SRR4340022/whitelist.txt
[2021-07-19 20:15:54,558]    INFO [count] Sorting BUS file kb_SRR4340022/tmp/output.s.c.bus to kb_SRR4340022/output.unfiltered.bus
[2021-07-19 20:15:59,742]    INFO [count] Generating count matrix kb_SRR4340022/counts_unfiltered/cells_x_genes from BUS file kb_SRR4340022/output.unfiltered.bus
[2021-07-19 20:16:03,421]    INFO [count] Reading matrix kb_SRR4340022/counts_unfiltered/cells_x_genes.mtx
[2021-07-19 20:16:04,680]    INFO [count] Writing matrix to h5ad kb_SRR4340022/counts_unfiltered/adata.h5ad
... storing 'gene_name' as categorical
[2021-07-19 20:16:05,393]    INFO [count] Filtering with bustools
[2021-07-19 20:16:05,393]    INFO [count] Generating whitelist kb_SRR4340022/filter_barcodes.txt from BUS file kb_SRR4340022/output.unfiltered.bus
[2021-07-19 20:16:05,430]    INFO [count] Correcting BUS records in kb_SRR4340022/output.unfiltered.bus to kb_SRR4340022/tmp/output.unfiltered.c.bus with whitelist kb_SRR4340022/filter_barcodes.txt
[2021-07-19 20:16:06,506]    INFO [count] Sorting BUS file kb_SRR4340022/tmp/output.unfiltered.c.bus to kb_SRR4340022/output.filtered.bus
[2021-07-19 20:16:11,930]    INFO [count] Generating count matrix kb_SRR4340022/counts_filtered/cells_x_genes from BUS file kb_SRR4340022/output.filtered.bus
[2021-07-19 20:16:15,365]    INFO [count] Reading matrix kb_SRR4340022/counts_filtered/cells_x_genes.mtx
[2021-07-19 20:16:16,439]    INFO [count] Writing matrix to h5ad kb_SRR4340022/counts_filtered/adata.h5ad
... storing 'gene_name' as categorical
[Mon Jul 19 20:16:17 2021]
Finished job 3.
8 of 27 steps (30%) done
Select jobs to execute...

[Mon Jul 19 20:16:17 2021]
rule kb_gc:
    input: fastq_gz/SRR4340023_1.fastq.gz, fastq_gz/SRR4340023_2.fastq.gz
    output: kb_SRR4340023/counts_filtered/adata.h5ad
    log: logs/kallisto-bus_SRR4340023.log
    jobid: 4
    wildcards: sample=SRR4340023
    threads: 10
    resources: tmpdir=/tmp

kb count             -i /mnt/pub/GENCODE/M27/transcriptome.idx             -g /mnt/pub/GENCODE/M27/transcripts_to_genes.txt             -o kb_SRR4340023             -x DROPSEQ             -t 10             --h5ad             --filter bustools             fastq_gz/SRR4340023_1.fastq.gz fastq_gz/SRR4340023_2.fastq.gz
[2021-07-19 20:16:18,749]    INFO [count] Using index /mnt/pub/GENCODE/M27/transcriptome.idx to generate BUS file to kb_SRR4340023 from
[2021-07-19 20:16:18,750]    INFO [count]         fastq_gz/SRR4340023_1.fastq.gz
[2021-07-19 20:16:18,750]    INFO [count]         fastq_gz/SRR4340023_2.fastq.gz
[2021-07-19 20:16:38,882]    INFO [count] Sorting BUS file kb_SRR4340044/output.bus to kb_SRR4340044/tmp/output.s.bus
[2021-07-19 20:16:52,420]    INFO [count] Whitelist not provided
[2021-07-19 20:16:52,421]    INFO [count] Generating whitelist kb_SRR4340044/whitelist.txt from BUS file kb_SRR4340044/tmp/output.s.bus
[2021-07-19 20:16:52,518]    INFO [count] Inspecting BUS file kb_SRR4340044/tmp/output.s.bus
[2021-07-19 20:16:55,334]    INFO [count] Correcting BUS records in kb_SRR4340044/tmp/output.s.bus to kb_SRR4340044/tmp/output.s.c.bus with whitelist kb_SRR4340044/whitelist.txt
[2021-07-19 20:16:59,297]    INFO [count] Sorting BUS file kb_SRR4340044/tmp/output.s.c.bus to kb_SRR4340044/output.unfiltered.bus
[2021-07-19 20:17:07,920]    INFO [count] Generating count matrix kb_SRR4340044/counts_unfiltered/cells_x_genes from BUS file kb_SRR4340044/output.unfiltered.bus
[2021-07-19 20:17:18,247]    INFO [count] Reading matrix kb_SRR4340044/counts_unfiltered/cells_x_genes.mtx
[2021-07-19 20:17:22,001]    INFO [count] Writing matrix to h5ad kb_SRR4340044/counts_unfiltered/adata.h5ad
... storing 'gene_name' as categorical
[2021-07-19 20:17:22,824]    INFO [count] Filtering with bustools
[2021-07-19 20:17:22,824]    INFO [count] Generating whitelist kb_SRR4340044/filter_barcodes.txt from BUS file kb_SRR4340044/output.unfiltered.bus
[2021-07-19 20:17:22,895]    INFO [count] Correcting BUS records in kb_SRR4340044/output.unfiltered.bus to kb_SRR4340044/tmp/output.unfiltered.c.bus with whitelist kb_SRR4340044/filter_barcodes.txt
[2021-07-19 20:17:26,092]    INFO [count] Sorting BUS file kb_SRR4340044/tmp/output.unfiltered.c.bus to kb_SRR4340044/output.filtered.bus
[2021-07-19 20:17:34,261]    INFO [count] Generating count matrix kb_SRR4340044/counts_filtered/cells_x_genes from BUS file kb_SRR4340044/output.filtered.bus
[2021-07-19 20:17:41,701]    INFO [count] Reading matrix kb_SRR4340044/counts_filtered/cells_x_genes.mtx
[2021-07-19 20:17:44,799]    INFO [count] Writing matrix to h5ad kb_SRR4340044/counts_filtered/adata.h5ad
... storing 'gene_name' as categorical
[Mon Jul 19 20:17:45 2021]
Finished job 25.
9 of 27 steps (33%) done
Select jobs to execute...

[Mon Jul 19 20:17:45 2021]
rule kb_gc:
    input: fastq_gz/SRR4340037_1.fastq.gz, fastq_gz/SRR4340037_2.fastq.gz
    output: kb_SRR4340037/counts_filtered/adata.h5ad
    log: logs/kallisto-bus_SRR4340037.log
    jobid: 18
    wildcards: sample=SRR4340037
    threads: 10
    resources: tmpdir=/tmp

kb count             -i /mnt/pub/GENCODE/M27/transcriptome.idx             -g /mnt/pub/GENCODE/M27/transcripts_to_genes.txt             -o kb_SRR4340037             -x DROPSEQ             -t 10             --h5ad             --filter bustools             fastq_gz/SRR4340037_1.fastq.gz fastq_gz/SRR4340037_2.fastq.gz
[2021-07-19 20:17:47,298]    INFO [count] Using index /mnt/pub/GENCODE/M27/transcriptome.idx to generate BUS file to kb_SRR4340037 from
[2021-07-19 20:17:47,299]    INFO [count]         fastq_gz/SRR4340037_1.fastq.gz
[2021-07-19 20:17:47,299]    INFO [count]         fastq_gz/SRR4340037_2.fastq.gz
[2021-07-19 20:18:43,869]    INFO [count] Sorting BUS file kb_SRR4340023/output.bus to kb_SRR4340023/tmp/output.s.bus
[2021-07-19 20:18:58,014]    INFO [count] Whitelist not provided
[2021-07-19 20:18:58,015]    INFO [count] Generating whitelist kb_SRR4340023/whitelist.txt from BUS file kb_SRR4340023/tmp/output.s.bus
[2021-07-19 20:18:58,086]    INFO [count] Inspecting BUS file kb_SRR4340023/tmp/output.s.bus
[2021-07-19 20:19:00,191]    INFO [count] Correcting BUS records in kb_SRR4340023/tmp/output.s.bus to kb_SRR4340023/tmp/output.s.c.bus with whitelist kb_SRR4340023/whitelist.txt
[2021-07-19 20:19:03,358]    INFO [count] Sorting BUS file kb_SRR4340023/tmp/output.s.c.bus to kb_SRR4340023/output.unfiltered.bus
[2021-07-19 20:19:10,721]    INFO [count] Generating count matrix kb_SRR4340023/counts_unfiltered/cells_x_genes from BUS file kb_SRR4340023/output.unfiltered.bus
[2021-07-19 20:19:14,909]    INFO [count] Reading matrix kb_SRR4340023/counts_unfiltered/cells_x_genes.mtx
[2021-07-19 20:19:16,366]    INFO [count] Writing matrix to h5ad kb_SRR4340023/counts_unfiltered/adata.h5ad
... storing 'gene_name' as categorical
[2021-07-19 20:19:16,995]    INFO [count] Filtering with bustools
[2021-07-19 20:19:16,996]    INFO [count] Generating whitelist kb_SRR4340023/filter_barcodes.txt from BUS file kb_SRR4340023/output.unfiltered.bus
[2021-07-19 20:19:17,050]    INFO [count] Correcting BUS records in kb_SRR4340023/output.unfiltered.bus to kb_SRR4340023/tmp/output.unfiltered.c.bus with whitelist kb_SRR4340023/filter_barcodes.txt
[2021-07-19 20:19:19,306]    INFO [count] Sorting BUS file kb_SRR4340023/tmp/output.unfiltered.c.bus to kb_SRR4340023/output.filtered.bus
[2021-07-19 20:19:25,835]    INFO [count] Generating count matrix kb_SRR4340023/counts_filtered/cells_x_genes from BUS file kb_SRR4340023/output.filtered.bus
[2021-07-19 20:19:29,590]    INFO [count] Reading matrix kb_SRR4340023/counts_filtered/cells_x_genes.mtx
[2021-07-19 20:19:30,881]    INFO [count] Writing matrix to h5ad kb_SRR4340023/counts_filtered/adata.h5ad
... storing 'gene_name' as categorical
[Mon Jul 19 20:19:31 2021]
Finished job 4.
10 of 27 steps (37%) done
Select jobs to execute...

[Mon Jul 19 20:19:31 2021]
rule kb_gc:
    input: fastq_gz/SRR4340024_1.fastq.gz, fastq_gz/SRR4340024_2.fastq.gz
    output: kb_SRR4340024/counts_filtered/adata.h5ad
    log: logs/kallisto-bus_SRR4340024.log
    jobid: 5
    wildcards: sample=SRR4340024
    threads: 10
    resources: tmpdir=/tmp

kb count             -i /mnt/pub/GENCODE/M27/transcriptome.idx             -g /mnt/pub/GENCODE/M27/transcripts_to_genes.txt             -o kb_SRR4340024             -x DROPSEQ             -t 10             --h5ad             --filter bustools             fastq_gz/SRR4340024_1.fastq.gz fastq_gz/SRR4340024_2.fastq.gz
[2021-07-19 20:19:33,346]    INFO [count] Using index /mnt/pub/GENCODE/M27/transcriptome.idx to generate BUS file to kb_SRR4340024 from
[2021-07-19 20:19:33,346]    INFO [count]         fastq_gz/SRR4340024_1.fastq.gz
[2021-07-19 20:19:33,346]    INFO [count]         fastq_gz/SRR4340024_2.fastq.gz
[2021-07-19 20:23:35,599]    INFO [count] Sorting BUS file kb_SRR4340024/output.bus to kb_SRR4340024/tmp/output.s.bus
[2021-07-19 20:23:47,664]    INFO [count] Sorting BUS file kb_SRR4340037/output.bus to kb_SRR4340037/tmp/output.s.bus
[2021-07-19 20:24:16,819]    INFO [count] Whitelist not provided
[2021-07-19 20:24:16,819]    INFO [count] Generating whitelist kb_SRR4340024/whitelist.txt from BUS file kb_SRR4340024/tmp/output.s.bus
[2021-07-19 20:24:17,034]    INFO [count] Inspecting BUS file kb_SRR4340024/tmp/output.s.bus
[2021-07-19 20:24:21,339]    INFO [count] Correcting BUS records in kb_SRR4340024/tmp/output.s.bus to kb_SRR4340024/tmp/output.s.c.bus with whitelist kb_SRR4340024/whitelist.txt
[2021-07-19 20:24:33,534]    INFO [count] Sorting BUS file kb_SRR4340024/tmp/output.s.c.bus to kb_SRR4340024/output.unfiltered.bus
[2021-07-19 20:24:47,260]    INFO [count] Whitelist not provided
[2021-07-19 20:24:47,260]    INFO [count] Generating whitelist kb_SRR4340037/whitelist.txt from BUS file kb_SRR4340037/tmp/output.s.bus
[2021-07-19 20:24:47,547]    INFO [count] Inspecting BUS file kb_SRR4340037/tmp/output.s.bus
[2021-07-19 20:24:53,253]    INFO [count] Correcting BUS records in kb_SRR4340037/tmp/output.s.bus to kb_SRR4340037/tmp/output.s.c.bus with whitelist kb_SRR4340037/whitelist.txt
[2021-07-19 20:24:53,967]    INFO [count] Generating count matrix kb_SRR4340024/counts_unfiltered/cells_x_genes from BUS file kb_SRR4340024/output.unfiltered.bus
[2021-07-19 20:25:05,158]    INFO [count] Reading matrix kb_SRR4340024/counts_unfiltered/cells_x_genes.mtx
[2021-07-19 20:25:06,016]    INFO [count] Sorting BUS file kb_SRR4340037/tmp/output.s.c.bus to kb_SRR4340037/output.unfiltered.bus
[2021-07-19 20:25:10,048]    INFO [count] Writing matrix to h5ad kb_SRR4340024/counts_unfiltered/adata.h5ad
... storing 'gene_name' as categorical
[2021-07-19 20:25:10,946]    INFO [count] Filtering with bustools
[2021-07-19 20:25:10,946]    INFO [count] Generating whitelist kb_SRR4340024/filter_barcodes.txt from BUS file kb_SRR4340024/output.unfiltered.bus
[2021-07-19 20:25:11,086]    INFO [count] Correcting BUS records in kb_SRR4340024/output.unfiltered.bus to kb_SRR4340024/tmp/output.unfiltered.c.bus with whitelist kb_SRR4340024/filter_barcodes.txt
[2021-07-19 20:25:21,471]    INFO [count] Sorting BUS file kb_SRR4340024/tmp/output.unfiltered.c.bus to kb_SRR4340024/output.filtered.bus
[2021-07-19 20:25:31,559]    INFO [count] Generating count matrix kb_SRR4340037/counts_unfiltered/cells_x_genes from BUS file kb_SRR4340037/output.unfiltered.bus
[2021-07-19 20:25:39,560]    INFO [count] Generating count matrix kb_SRR4340024/counts_filtered/cells_x_genes from BUS file kb_SRR4340024/output.filtered.bus
[2021-07-19 20:25:44,938]    INFO [count] Reading matrix kb_SRR4340037/counts_unfiltered/cells_x_genes.mtx
[2021-07-19 20:25:48,759]    INFO [count] Reading matrix kb_SRR4340024/counts_filtered/cells_x_genes.mtx
[2021-07-19 20:25:50,528]    INFO [count] Writing matrix to h5ad kb_SRR4340037/counts_unfiltered/adata.h5ad
... storing 'gene_name' as categorical
[2021-07-19 20:25:51,414]    INFO [count] Filtering with bustools
[2021-07-19 20:25:51,414]    INFO [count] Generating whitelist kb_SRR4340037/filter_barcodes.txt from BUS file kb_SRR4340037/output.unfiltered.bus
[2021-07-19 20:25:51,558]    INFO [count] Correcting BUS records in kb_SRR4340037/output.unfiltered.bus to kb_SRR4340037/tmp/output.unfiltered.c.bus with whitelist kb_SRR4340037/filter_barcodes.txt
[2021-07-19 20:25:52,446]    INFO [count] Writing matrix to h5ad kb_SRR4340024/counts_filtered/adata.h5ad
... storing 'gene_name' as categorical
[Mon Jul 19 20:25:53 2021]
Finished job 5.
11 of 27 steps (41%) done
Select jobs to execute...

[Mon Jul 19 20:25:53 2021]
rule kb_gc:
    input: fastq_gz/SRR4340026_1.fastq.gz, fastq_gz/SRR4340026_2.fastq.gz
    output: kb_SRR4340026/counts_filtered/adata.h5ad
    log: logs/kallisto-bus_SRR4340026.log
    jobid: 7
    wildcards: sample=SRR4340026
    threads: 10
    resources: tmpdir=/tmp

kb count             -i /mnt/pub/GENCODE/M27/transcriptome.idx             -g /mnt/pub/GENCODE/M27/transcripts_to_genes.txt             -o kb_SRR4340026             -x DROPSEQ             -t 10             --h5ad             --filter bustools             fastq_gz/SRR4340026_1.fastq.gz fastq_gz/SRR4340026_2.fastq.gz
[2021-07-19 20:25:55,345]    INFO [count] Using index /mnt/pub/GENCODE/M27/transcriptome.idx to generate BUS file to kb_SRR4340026 from
[2021-07-19 20:25:55,346]    INFO [count]         fastq_gz/SRR4340026_1.fastq.gz
[2021-07-19 20:25:55,346]    INFO [count]         fastq_gz/SRR4340026_2.fastq.gz
[2021-07-19 20:26:01,079]    INFO [count] Sorting BUS file kb_SRR4340037/tmp/output.unfiltered.c.bus to kb_SRR4340037/output.filtered.bus
[2021-07-19 20:26:19,318]    INFO [count] Generating count matrix kb_SRR4340037/counts_filtered/cells_x_genes from BUS file kb_SRR4340037/output.filtered.bus
[2021-07-19 20:26:30,165]    INFO [count] Reading matrix kb_SRR4340037/counts_filtered/cells_x_genes.mtx
[2021-07-19 20:26:34,423]    INFO [count] Writing matrix to h5ad kb_SRR4340037/counts_filtered/adata.h5ad
... storing 'gene_name' as categorical
[Mon Jul 19 20:26:36 2021]
Finished job 18.
12 of 27 steps (44%) done
Select jobs to execute...

[Mon Jul 19 20:26:36 2021]
rule kb_gc:
    input: fastq_gz/SRR4340034_1.fastq.gz, fastq_gz/SRR4340034_2.fastq.gz
    output: kb_SRR4340034/counts_filtered/adata.h5ad
    log: logs/kallisto-bus_SRR4340034.log
    jobid: 15
    wildcards: sample=SRR4340034
    threads: 10
    resources: tmpdir=/tmp

kb count             -i /mnt/pub/GENCODE/M27/transcriptome.idx             -g /mnt/pub/GENCODE/M27/transcripts_to_genes.txt             -o kb_SRR4340034             -x DROPSEQ             -t 10             --h5ad             --filter bustools             fastq_gz/SRR4340034_1.fastq.gz fastq_gz/SRR4340034_2.fastq.gz
[2021-07-19 20:26:38,563]    INFO [count] Using index /mnt/pub/GENCODE/M27/transcriptome.idx to generate BUS file to kb_SRR4340034 from
[2021-07-19 20:26:38,563]    INFO [count]         fastq_gz/SRR4340034_1.fastq.gz
[2021-07-19 20:26:38,563]    INFO [count]         fastq_gz/SRR4340034_2.fastq.gz
[2021-07-19 20:29:11,438]    INFO [count] Sorting BUS file kb_SRR4340034/output.bus to kb_SRR4340034/tmp/output.s.bus
[2021-07-19 20:29:17,200]    INFO [count] Sorting BUS file kb_SRR4340026/output.bus to kb_SRR4340026/tmp/output.s.bus
[2021-07-19 20:29:24,208]    INFO [count] Whitelist not provided
[2021-07-19 20:29:24,208]    INFO [count] Generating whitelist kb_SRR4340034/whitelist.txt from BUS file kb_SRR4340034/tmp/output.s.bus
[2021-07-19 20:29:24,296]    INFO [count] Inspecting BUS file kb_SRR4340034/tmp/output.s.bus
[2021-07-19 20:29:26,525]    INFO [count] Correcting BUS records in kb_SRR4340034/tmp/output.s.bus to kb_SRR4340034/tmp/output.s.c.bus with whitelist kb_SRR4340034/whitelist.txt
[2021-07-19 20:29:29,481]    INFO [count] Sorting BUS file kb_SRR4340034/tmp/output.s.c.bus to kb_SRR4340034/output.unfiltered.bus
[2021-07-19 20:29:37,828]    INFO [count] Generating count matrix kb_SRR4340034/counts_unfiltered/cells_x_genes from BUS file kb_SRR4340034/output.unfiltered.bus
[2021-07-19 20:29:43,895]    INFO [count] Reading matrix kb_SRR4340034/counts_unfiltered/cells_x_genes.mtx
[2021-07-19 20:29:46,380]    INFO [count] Whitelist not provided
[2021-07-19 20:29:46,381]    INFO [count] Generating whitelist kb_SRR4340026/whitelist.txt from BUS file kb_SRR4340026/tmp/output.s.bus
[2021-07-19 20:29:46,466]    INFO [count] Writing matrix to h5ad kb_SRR4340034/counts_unfiltered/adata.h5ad
[2021-07-19 20:29:46,539]    INFO [count] Inspecting BUS file kb_SRR4340026/tmp/output.s.bus
... storing 'gene_name' as categorical
[2021-07-19 20:29:47,169]    INFO [count] Filtering with bustools
[2021-07-19 20:29:47,169]    INFO [count] Generating whitelist kb_SRR4340034/filter_barcodes.txt from BUS file kb_SRR4340034/output.unfiltered.bus
[2021-07-19 20:29:47,225]    INFO [count] Correcting BUS records in kb_SRR4340034/output.unfiltered.bus to kb_SRR4340034/tmp/output.unfiltered.c.bus with whitelist kb_SRR4340034/filter_barcodes.txt
[2021-07-19 20:29:49,453]    INFO [count] Sorting BUS file kb_SRR4340034/tmp/output.unfiltered.c.bus to kb_SRR4340034/output.filtered.bus
[2021-07-19 20:29:50,291]    INFO [count] Correcting BUS records in kb_SRR4340026/tmp/output.s.bus to kb_SRR4340026/tmp/output.s.c.bus with whitelist kb_SRR4340026/whitelist.txt
[2021-07-19 20:29:57,205]    INFO [count] Generating count matrix kb_SRR4340034/counts_filtered/cells_x_genes from BUS file kb_SRR4340034/output.filtered.bus
[2021-07-19 20:29:58,561]    INFO [count] Sorting BUS file kb_SRR4340026/tmp/output.s.c.bus to kb_SRR4340026/output.unfiltered.bus
[2021-07-19 20:30:02,511]    INFO [count] Reading matrix kb_SRR4340034/counts_filtered/cells_x_genes.mtx
[2021-07-19 20:30:04,459]    INFO [count] Writing matrix to h5ad kb_SRR4340034/counts_filtered/adata.h5ad
... storing 'gene_name' as categorical
[Mon Jul 19 20:30:05 2021]
Finished job 15.
13 of 27 steps (48%) done
Select jobs to execute...

[Mon Jul 19 20:30:05 2021]
rule kb_gc:
    input: fastq_gz/SRR4340041_1.fastq.gz, fastq_gz/SRR4340041_2.fastq.gz
    output: kb_SRR4340041/counts_filtered/adata.h5ad
    log: logs/kallisto-bus_SRR4340041.log
    jobid: 22
    wildcards: sample=SRR4340041
    threads: 10
    resources: tmpdir=/tmp

kb count             -i /mnt/pub/GENCODE/M27/transcriptome.idx             -g /mnt/pub/GENCODE/M27/transcripts_to_genes.txt             -o kb_SRR4340041             -x DROPSEQ             -t 10             --h5ad             --filter bustools             fastq_gz/SRR4340041_1.fastq.gz fastq_gz/SRR4340041_2.fastq.gz
[2021-07-19 20:30:07,172]    INFO [count] Using index /mnt/pub/GENCODE/M27/transcriptome.idx to generate BUS file to kb_SRR4340041 from
[2021-07-19 20:30:07,172]    INFO [count]         fastq_gz/SRR4340041_1.fastq.gz
[2021-07-19 20:30:07,172]    INFO [count]         fastq_gz/SRR4340041_2.fastq.gz
[2021-07-19 20:30:12,318]    INFO [count] Generating count matrix kb_SRR4340026/counts_unfiltered/cells_x_genes from BUS file kb_SRR4340026/output.unfiltered.bus
[2021-07-19 20:30:20,702]    INFO [count] Reading matrix kb_SRR4340026/counts_unfiltered/cells_x_genes.mtx
[2021-07-19 20:30:23,882]    INFO [count] Writing matrix to h5ad kb_SRR4340026/counts_unfiltered/adata.h5ad
... storing 'gene_name' as categorical
[2021-07-19 20:30:24,630]    INFO [count] Filtering with bustools
[2021-07-19 20:30:24,630]    INFO [count] Generating whitelist kb_SRR4340026/filter_barcodes.txt from BUS file kb_SRR4340026/output.unfiltered.bus
[2021-07-19 20:30:24,729]    INFO [count] Correcting BUS records in kb_SRR4340026/output.unfiltered.bus to kb_SRR4340026/tmp/output.unfiltered.c.bus with whitelist kb_SRR4340026/filter_barcodes.txt
[2021-07-19 20:30:29,749]    INFO [count] Sorting BUS file kb_SRR4340026/tmp/output.unfiltered.c.bus to kb_SRR4340026/output.filtered.bus
[2021-07-19 20:30:43,255]    INFO [count] Generating count matrix kb_SRR4340026/counts_filtered/cells_x_genes from BUS file kb_SRR4340026/output.filtered.bus
[2021-07-19 20:30:52,421]    INFO [count] Reading matrix kb_SRR4340026/counts_filtered/cells_x_genes.mtx
[2021-07-19 20:30:55,076]    INFO [count] Writing matrix to h5ad kb_SRR4340026/counts_filtered/adata.h5ad
... storing 'gene_name' as categorical
[Mon Jul 19 20:30:56 2021]
Finished job 7.
14 of 27 steps (52%) done
Select jobs to execute...

[Mon Jul 19 20:30:56 2021]
rule kb_gc:
    input: fastq_gz/SRR4340028_1.fastq.gz, fastq_gz/SRR4340028_2.fastq.gz
    output: kb_SRR4340028/counts_filtered/adata.h5ad
    log: logs/kallisto-bus_SRR4340028.log
    jobid: 9
    wildcards: sample=SRR4340028
    threads: 10
    resources: tmpdir=/tmp

kb count             -i /mnt/pub/GENCODE/M27/transcriptome.idx             -g /mnt/pub/GENCODE/M27/transcripts_to_genes.txt             -o kb_SRR4340028             -x DROPSEQ             -t 10             --h5ad             --filter bustools             fastq_gz/SRR4340028_1.fastq.gz fastq_gz/SRR4340028_2.fastq.gz
[2021-07-19 20:30:57,911]    INFO [count] Using index /mnt/pub/GENCODE/M27/transcriptome.idx to generate BUS file to kb_SRR4340028 from
[2021-07-19 20:30:57,912]    INFO [count]         fastq_gz/SRR4340028_1.fastq.gz
[2021-07-19 20:30:57,912]    INFO [count]         fastq_gz/SRR4340028_2.fastq.gz
[2021-07-19 20:31:49,807]    INFO [count] Sorting BUS file kb_SRR4340041/output.bus to kb_SRR4340041/tmp/output.s.bus
[2021-07-19 20:32:05,675]    INFO [count] Whitelist not provided
[2021-07-19 20:32:05,676]    INFO [count] Generating whitelist kb_SRR4340041/whitelist.txt from BUS file kb_SRR4340041/tmp/output.s.bus
[2021-07-19 20:32:05,776]    INFO [count] Inspecting BUS file kb_SRR4340041/tmp/output.s.bus
[2021-07-19 20:32:08,426]    INFO [count] Correcting BUS records in kb_SRR4340041/tmp/output.s.bus to kb_SRR4340041/tmp/output.s.c.bus with whitelist kb_SRR4340041/whitelist.txt
[2021-07-19 20:32:12,798]    INFO [count] Sorting BUS file kb_SRR4340041/tmp/output.s.c.bus to kb_SRR4340041/output.unfiltered.bus
[2021-07-19 20:32:21,660]    INFO [count] Generating count matrix kb_SRR4340041/counts_unfiltered/cells_x_genes from BUS file kb_SRR4340041/output.unfiltered.bus
[2021-07-19 20:32:29,451]    INFO [count] Reading matrix kb_SRR4340041/counts_unfiltered/cells_x_genes.mtx
[2021-07-19 20:32:32,822]    INFO [count] Writing matrix to h5ad kb_SRR4340041/counts_unfiltered/adata.h5ad
... storing 'gene_name' as categorical
[2021-07-19 20:32:33,606]    INFO [count] Filtering with bustools
[2021-07-19 20:32:33,607]    INFO [count] Generating whitelist kb_SRR4340041/filter_barcodes.txt from BUS file kb_SRR4340041/output.unfiltered.bus
[2021-07-19 20:32:33,670]    INFO [count] Correcting BUS records in kb_SRR4340041/output.unfiltered.bus to kb_SRR4340041/tmp/output.unfiltered.c.bus with whitelist kb_SRR4340041/filter_barcodes.txt
[2021-07-19 20:32:36,578]    INFO [count] Sorting BUS file kb_SRR4340041/tmp/output.unfiltered.c.bus to kb_SRR4340041/output.filtered.bus
[2021-07-19 20:32:46,765]    INFO [count] Generating count matrix kb_SRR4340041/counts_filtered/cells_x_genes from BUS file kb_SRR4340041/output.filtered.bus
[2021-07-19 20:32:53,893]    INFO [count] Reading matrix kb_SRR4340041/counts_filtered/cells_x_genes.mtx
[2021-07-19 20:32:56,615]    INFO [count] Writing matrix to h5ad kb_SRR4340041/counts_filtered/adata.h5ad
... storing 'gene_name' as categorical
[Mon Jul 19 20:32:57 2021]
Finished job 22.
15 of 27 steps (56%) done
Select jobs to execute...

[Mon Jul 19 20:32:57 2021]
rule kb_gc:
    input: fastq_gz/SRR4340043_1.fastq.gz, fastq_gz/SRR4340043_2.fastq.gz
    output: kb_SRR4340043/counts_filtered/adata.h5ad
    log: logs/kallisto-bus_SRR4340043.log
    jobid: 24
    wildcards: sample=SRR4340043
    threads: 10
    resources: tmpdir=/tmp

kb count             -i /mnt/pub/GENCODE/M27/transcriptome.idx             -g /mnt/pub/GENCODE/M27/transcripts_to_genes.txt             -o kb_SRR4340043             -x DROPSEQ             -t 10             --h5ad             --filter bustools             fastq_gz/SRR4340043_1.fastq.gz fastq_gz/SRR4340043_2.fastq.gz
[2021-07-19 20:32:59,376]    INFO [count] Using index /mnt/pub/GENCODE/M27/transcriptome.idx to generate BUS file to kb_SRR4340043 from
[2021-07-19 20:32:59,376]    INFO [count]         fastq_gz/SRR4340043_1.fastq.gz
[2021-07-19 20:32:59,376]    INFO [count]         fastq_gz/SRR4340043_2.fastq.gz
[2021-07-19 20:33:59,665]    INFO [count] Sorting BUS file kb_SRR4340028/output.bus to kb_SRR4340028/tmp/output.s.bus
[2021-07-19 20:34:26,946]    INFO [count] Whitelist not provided
[2021-07-19 20:34:26,947]    INFO [count] Generating whitelist kb_SRR4340028/whitelist.txt from BUS file kb_SRR4340028/tmp/output.s.bus
[2021-07-19 20:34:27,119]    INFO [count] Inspecting BUS file kb_SRR4340028/tmp/output.s.bus
[2021-07-19 20:34:32,958]    INFO [count] Correcting BUS records in kb_SRR4340028/tmp/output.s.bus to kb_SRR4340028/tmp/output.s.c.bus with whitelist kb_SRR4340028/whitelist.txt
[2021-07-19 20:34:38,906]    INFO [count] Sorting BUS file kb_SRR4340043/output.bus to kb_SRR4340043/tmp/output.s.bus
[2021-07-19 20:34:40,084]    INFO [count] Sorting BUS file kb_SRR4340028/tmp/output.s.c.bus to kb_SRR4340028/output.unfiltered.bus
[2021-07-19 20:34:52,035]    INFO [count] Whitelist not provided
[2021-07-19 20:34:52,035]    INFO [count] Generating whitelist kb_SRR4340043/whitelist.txt from BUS file kb_SRR4340043/tmp/output.s.bus
[2021-07-19 20:34:52,128]    INFO [count] Inspecting BUS file kb_SRR4340043/tmp/output.s.bus
[2021-07-19 20:34:54,289]    INFO [count] Generating count matrix kb_SRR4340028/counts_unfiltered/cells_x_genes from BUS file kb_SRR4340028/output.unfiltered.bus
[2021-07-19 20:34:54,474]    INFO [count] Correcting BUS records in kb_SRR4340043/tmp/output.s.bus to kb_SRR4340043/tmp/output.s.c.bus with whitelist kb_SRR4340043/whitelist.txt
[2021-07-19 20:34:57,928]    INFO [count] Sorting BUS file kb_SRR4340043/tmp/output.s.c.bus to kb_SRR4340043/output.unfiltered.bus
[2021-07-19 20:35:03,196]    INFO [count] Reading matrix kb_SRR4340028/counts_unfiltered/cells_x_genes.mtx
[2021-07-19 20:35:05,891]    INFO [count] Generating count matrix kb_SRR4340043/counts_unfiltered/cells_x_genes from BUS file kb_SRR4340043/output.unfiltered.bus
[2021-07-19 20:35:06,617]    INFO [count] Writing matrix to h5ad kb_SRR4340028/counts_unfiltered/adata.h5ad
... storing 'gene_name' as categorical
[2021-07-19 20:35:07,354]    INFO [count] Filtering with bustools
[2021-07-19 20:35:07,355]    INFO [count] Generating whitelist kb_SRR4340028/filter_barcodes.txt from BUS file kb_SRR4340028/output.unfiltered.bus
[2021-07-19 20:35:07,455]    INFO [count] Correcting BUS records in kb_SRR4340028/output.unfiltered.bus to kb_SRR4340028/tmp/output.unfiltered.c.bus with whitelist kb_SRR4340028/filter_barcodes.txt
[2021-07-19 20:35:12,777]    INFO [count] Sorting BUS file kb_SRR4340028/tmp/output.unfiltered.c.bus to kb_SRR4340028/output.filtered.bus
[2021-07-19 20:35:14,210]    INFO [count] Reading matrix kb_SRR4340043/counts_unfiltered/cells_x_genes.mtx
[2021-07-19 20:35:17,850]    INFO [count] Writing matrix to h5ad kb_SRR4340043/counts_unfiltered/adata.h5ad
... storing 'gene_name' as categorical
[2021-07-19 20:35:18,735]    INFO [count] Filtering with bustools
[2021-07-19 20:35:18,735]    INFO [count] Generating whitelist kb_SRR4340043/filter_barcodes.txt from BUS file kb_SRR4340043/output.unfiltered.bus
[2021-07-19 20:35:18,798]    INFO [count] Correcting BUS records in kb_SRR4340043/output.unfiltered.bus to kb_SRR4340043/tmp/output.unfiltered.c.bus with whitelist kb_SRR4340043/filter_barcodes.txt
[2021-07-19 20:35:22,312]    INFO [count] Sorting BUS file kb_SRR4340043/tmp/output.unfiltered.c.bus to kb_SRR4340043/output.filtered.bus
[2021-07-19 20:35:25,305]    INFO [count] Generating count matrix kb_SRR4340028/counts_filtered/cells_x_genes from BUS file kb_SRR4340028/output.filtered.bus
[2021-07-19 20:35:30,096]    INFO [count] Generating count matrix kb_SRR4340043/counts_filtered/cells_x_genes from BUS file kb_SRR4340043/output.filtered.bus
[2021-07-19 20:35:32,293]    INFO [count] Reading matrix kb_SRR4340028/counts_filtered/cells_x_genes.mtx
[2021-07-19 20:35:34,901]    INFO [count] Writing matrix to h5ad kb_SRR4340028/counts_filtered/adata.h5ad
... storing 'gene_name' as categorical
[Mon Jul 19 20:35:35 2021]
Finished job 9.
16 of 27 steps (59%) done
Select jobs to execute...

[Mon Jul 19 20:35:36 2021]
rule kb_gc:
    input: fastq_gz/SRR4340039_1.fastq.gz, fastq_gz/SRR4340039_2.fastq.gz
    output: kb_SRR4340039/counts_filtered/adata.h5ad
    log: logs/kallisto-bus_SRR4340039.log
    jobid: 20
    wildcards: sample=SRR4340039
    threads: 10
    resources: tmpdir=/tmp

kb count             -i /mnt/pub/GENCODE/M27/transcriptome.idx             -g /mnt/pub/GENCODE/M27/transcripts_to_genes.txt             -o kb_SRR4340039             -x DROPSEQ             -t 10             --h5ad             --filter bustools             fastq_gz/SRR4340039_1.fastq.gz fastq_gz/SRR4340039_2.fastq.gz
[2021-07-19 20:35:37,228]    INFO [count] Reading matrix kb_SRR4340043/counts_filtered/cells_x_genes.mtx
[2021-07-19 20:35:37,510]    INFO [count] Using index /mnt/pub/GENCODE/M27/transcriptome.idx to generate BUS file to kb_SRR4340039 from
[2021-07-19 20:35:37,510]    INFO [count]         fastq_gz/SRR4340039_1.fastq.gz
[2021-07-19 20:35:37,510]    INFO [count]         fastq_gz/SRR4340039_2.fastq.gz
[2021-07-19 20:35:40,197]    INFO [count] Writing matrix to h5ad kb_SRR4340043/counts_filtered/adata.h5ad
... storing 'gene_name' as categorical
[Mon Jul 19 20:35:41 2021]
Finished job 24.
17 of 27 steps (63%) done
Select jobs to execute...

[Mon Jul 19 20:35:41 2021]
rule kb_gc:
    input: fastq_gz/SRR4340032_1.fastq.gz, fastq_gz/SRR4340032_2.fastq.gz
    output: kb_SRR4340032/counts_filtered/adata.h5ad
    log: logs/kallisto-bus_SRR4340032.log
    jobid: 13
    wildcards: sample=SRR4340032
    threads: 10
    resources: tmpdir=/tmp

kb count             -i /mnt/pub/GENCODE/M27/transcriptome.idx             -g /mnt/pub/GENCODE/M27/transcripts_to_genes.txt             -o kb_SRR4340032             -x DROPSEQ             -t 10             --h5ad             --filter bustools             fastq_gz/SRR4340032_1.fastq.gz fastq_gz/SRR4340032_2.fastq.gz
[2021-07-19 20:35:42,335]    INFO [count] Using index /mnt/pub/GENCODE/M27/transcriptome.idx to generate BUS file to kb_SRR4340032 from
[2021-07-19 20:35:42,335]    INFO [count]         fastq_gz/SRR4340032_1.fastq.gz
[2021-07-19 20:35:42,335]    INFO [count]         fastq_gz/SRR4340032_2.fastq.gz
[2021-07-19 20:36:55,590]    INFO [count] Sorting BUS file kb_SRR4340039/output.bus to kb_SRR4340039/tmp/output.s.bus
[2021-07-19 20:37:03,923]    INFO [count] Whitelist not provided
[2021-07-19 20:37:03,924]    INFO [count] Generating whitelist kb_SRR4340039/whitelist.txt from BUS file kb_SRR4340039/tmp/output.s.bus
[2021-07-19 20:37:03,977]    INFO [count] Inspecting BUS file kb_SRR4340039/tmp/output.s.bus
[2021-07-19 20:37:06,311]    INFO [count] Correcting BUS records in kb_SRR4340039/tmp/output.s.bus to kb_SRR4340039/tmp/output.s.c.bus with whitelist kb_SRR4340039/whitelist.txt
[2021-07-19 20:37:08,075]    INFO [count] Sorting BUS file kb_SRR4340039/tmp/output.s.c.bus to kb_SRR4340039/output.unfiltered.bus
[2021-07-19 20:37:13,607]    INFO [count] Generating count matrix kb_SRR4340039/counts_unfiltered/cells_x_genes from BUS file kb_SRR4340039/output.unfiltered.bus
[2021-07-19 20:37:18,800]    INFO [count] Reading matrix kb_SRR4340039/counts_unfiltered/cells_x_genes.mtx
[2021-07-19 20:37:21,169]    INFO [count] Writing matrix to h5ad kb_SRR4340039/counts_unfiltered/adata.h5ad
... storing 'gene_name' as categorical
[2021-07-19 20:37:21,860]    INFO [count] Filtering with bustools
[2021-07-19 20:37:21,860]    INFO [count] Generating whitelist kb_SRR4340039/filter_barcodes.txt from BUS file kb_SRR4340039/output.unfiltered.bus
[2021-07-19 20:37:21,899]    INFO [count] Correcting BUS records in kb_SRR4340039/output.unfiltered.bus to kb_SRR4340039/tmp/output.unfiltered.c.bus with whitelist kb_SRR4340039/filter_barcodes.txt
[2021-07-19 20:37:23,216]    INFO [count] Sorting BUS file kb_SRR4340039/tmp/output.unfiltered.c.bus to kb_SRR4340039/output.filtered.bus
[2021-07-19 20:37:28,604]    INFO [count] Generating count matrix kb_SRR4340039/counts_filtered/cells_x_genes from BUS file kb_SRR4340039/output.filtered.bus
[2021-07-19 20:37:33,551]    INFO [count] Reading matrix kb_SRR4340039/counts_filtered/cells_x_genes.mtx
[2021-07-19 20:37:35,270]    INFO [count] Writing matrix to h5ad kb_SRR4340039/counts_filtered/adata.h5ad
... storing 'gene_name' as categorical
[Mon Jul 19 20:37:36 2021]
Finished job 20.
18 of 27 steps (67%) done
Select jobs to execute...

[Mon Jul 19 20:37:36 2021]
rule kb_gc:
    input: fastq_gz/SRR4340042_1.fastq.gz, fastq_gz/SRR4340042_2.fastq.gz
    output: kb_SRR4340042/counts_filtered/adata.h5ad
    log: logs/kallisto-bus_SRR4340042.log
    jobid: 23
    wildcards: sample=SRR4340042
    threads: 10
    resources: tmpdir=/tmp

kb count             -i /mnt/pub/GENCODE/M27/transcriptome.idx             -g /mnt/pub/GENCODE/M27/transcripts_to_genes.txt             -o kb_SRR4340042             -x DROPSEQ             -t 10             --h5ad             --filter bustools             fastq_gz/SRR4340042_1.fastq.gz fastq_gz/SRR4340042_2.fastq.gz
[2021-07-19 20:37:37,982]    INFO [count] Using index /mnt/pub/GENCODE/M27/transcriptome.idx to generate BUS file to kb_SRR4340042 from
[2021-07-19 20:37:37,982]    INFO [count]         fastq_gz/SRR4340042_1.fastq.gz
[2021-07-19 20:37:37,982]    INFO [count]         fastq_gz/SRR4340042_2.fastq.gz
[2021-07-19 20:37:45,627]    INFO [count] Sorting BUS file kb_SRR4340032/output.bus to kb_SRR4340032/tmp/output.s.bus
[2021-07-19 20:38:04,283]    INFO [count] Whitelist not provided
[2021-07-19 20:38:04,284]    INFO [count] Generating whitelist kb_SRR4340032/whitelist.txt from BUS file kb_SRR4340032/tmp/output.s.bus
[2021-07-19 20:38:04,400]    INFO [count] Inspecting BUS file kb_SRR4340032/tmp/output.s.bus
[2021-07-19 20:38:07,720]    INFO [count] Correcting BUS records in kb_SRR4340032/tmp/output.s.bus to kb_SRR4340032/tmp/output.s.c.bus with whitelist kb_SRR4340032/whitelist.txt
[2021-07-19 20:38:12,806]    INFO [count] Sorting BUS file kb_SRR4340032/tmp/output.s.c.bus to kb_SRR4340032/output.unfiltered.bus
[2021-07-19 20:38:23,434]    INFO [count] Generating count matrix kb_SRR4340032/counts_unfiltered/cells_x_genes from BUS file kb_SRR4340032/output.unfiltered.bus
[2021-07-19 20:38:29,127]    INFO [count] Sorting BUS file kb_SRR4340042/output.bus to kb_SRR4340042/tmp/output.s.bus
[2021-07-19 20:38:30,506]    INFO [count] Reading matrix kb_SRR4340032/counts_unfiltered/cells_x_genes.mtx
[2021-07-19 20:38:33,207]    INFO [count] Writing matrix to h5ad kb_SRR4340032/counts_unfiltered/adata.h5ad
... storing 'gene_name' as categorical
[2021-07-19 20:38:33,878]    INFO [count] Filtering with bustools
[2021-07-19 20:38:33,878]    INFO [count] Generating whitelist kb_SRR4340032/filter_barcodes.txt from BUS file kb_SRR4340032/output.unfiltered.bus
[2021-07-19 20:38:33,949]    INFO [count] Correcting BUS records in kb_SRR4340032/output.unfiltered.bus to kb_SRR4340032/tmp/output.unfiltered.c.bus with whitelist kb_SRR4340032/filter_barcodes.txt
[2021-07-19 20:38:34,923]    INFO [count] Whitelist not provided
[2021-07-19 20:38:34,923]    INFO [count] Generating whitelist kb_SRR4340042/whitelist.txt from BUS file kb_SRR4340042/tmp/output.s.bus
[2021-07-19 20:38:34,962]    INFO [count] Inspecting BUS file kb_SRR4340042/tmp/output.s.bus
[2021-07-19 20:38:36,536]    INFO [count] Correcting BUS records in kb_SRR4340042/tmp/output.s.bus to kb_SRR4340042/tmp/output.s.c.bus with whitelist kb_SRR4340042/whitelist.txt
[2021-07-19 20:38:37,680]    INFO [count] Sorting BUS file kb_SRR4340042/tmp/output.s.c.bus to kb_SRR4340042/output.unfiltered.bus
[2021-07-19 20:38:37,817]    INFO [count] Sorting BUS file kb_SRR4340032/tmp/output.unfiltered.c.bus to kb_SRR4340032/output.filtered.bus
[2021-07-19 20:38:42,148]    INFO [count] Generating count matrix kb_SRR4340042/counts_unfiltered/cells_x_genes from BUS file kb_SRR4340042/output.unfiltered.bus
[2021-07-19 20:38:46,086]    INFO [count] Reading matrix kb_SRR4340042/counts_unfiltered/cells_x_genes.mtx
[2021-07-19 20:38:46,962]    INFO [count] Generating count matrix kb_SRR4340032/counts_filtered/cells_x_genes from BUS file kb_SRR4340032/output.filtered.bus
[2021-07-19 20:38:47,672]    INFO [count] Writing matrix to h5ad kb_SRR4340042/counts_unfiltered/adata.h5ad
... storing 'gene_name' as categorical
[2021-07-19 20:38:48,334]    INFO [count] Filtering with bustools
[2021-07-19 20:38:48,335]    INFO [count] Generating whitelist kb_SRR4340042/filter_barcodes.txt from BUS file kb_SRR4340042/output.unfiltered.bus
[2021-07-19 20:38:48,368]    INFO [count] Correcting BUS records in kb_SRR4340042/output.unfiltered.bus to kb_SRR4340042/tmp/output.unfiltered.c.bus with whitelist kb_SRR4340042/filter_barcodes.txt
[2021-07-19 20:38:49,169]    INFO [count] Sorting BUS file kb_SRR4340042/tmp/output.unfiltered.c.bus to kb_SRR4340042/output.filtered.bus
[2021-07-19 20:38:52,834]    INFO [count] Reading matrix kb_SRR4340032/counts_filtered/cells_x_genes.mtx
[2021-07-19 20:38:53,376]    INFO [count] Generating count matrix kb_SRR4340042/counts_filtered/cells_x_genes from BUS file kb_SRR4340042/output.filtered.bus
[2021-07-19 20:38:55,018]    INFO [count] Writing matrix to h5ad kb_SRR4340032/counts_filtered/adata.h5ad
... storing 'gene_name' as categorical
[Mon Jul 19 20:38:55 2021]
Finished job 13.
19 of 27 steps (70%) done
Select jobs to execute...

[Mon Jul 19 20:38:56 2021]
rule kb_gc:
    input: fastq_gz/SRR4340035_1.fastq.gz, fastq_gz/SRR4340035_2.fastq.gz
    output: kb_SRR4340035/counts_filtered/adata.h5ad
    log: logs/kallisto-bus_SRR4340035.log
    jobid: 16
    wildcards: sample=SRR4340035
    threads: 10
    resources: tmpdir=/tmp

kb count             -i /mnt/pub/GENCODE/M27/transcriptome.idx             -g /mnt/pub/GENCODE/M27/transcripts_to_genes.txt             -o kb_SRR4340035             -x DROPSEQ             -t 10             --h5ad             --filter bustools             fastq_gz/SRR4340035_1.fastq.gz fastq_gz/SRR4340035_2.fastq.gz
[2021-07-19 20:38:57,173]    INFO [count] Using index /mnt/pub/GENCODE/M27/transcriptome.idx to generate BUS file to kb_SRR4340035 from
[2021-07-19 20:38:57,174]    INFO [count]         fastq_gz/SRR4340035_1.fastq.gz
[2021-07-19 20:38:57,174]    INFO [count]         fastq_gz/SRR4340035_2.fastq.gz
[2021-07-19 20:38:57,200]    INFO [count] Reading matrix kb_SRR4340042/counts_filtered/cells_x_genes.mtx
[2021-07-19 20:38:58,562]    INFO [count] Writing matrix to h5ad kb_SRR4340042/counts_filtered/adata.h5ad
... storing 'gene_name' as categorical
[Mon Jul 19 20:38:59 2021]
Finished job 23.
20 of 27 steps (74%) done
Select jobs to execute...

[Mon Jul 19 20:38:59 2021]
rule kb_gc:
    input: fastq_gz/SRR4340025_1.fastq.gz, fastq_gz/SRR4340025_2.fastq.gz
    output: kb_SRR4340025/counts_filtered/adata.h5ad
    log: logs/kallisto-bus_SRR4340025.log
    jobid: 6
    wildcards: sample=SRR4340025
    threads: 10
    resources: tmpdir=/tmp

kb count             -i /mnt/pub/GENCODE/M27/transcriptome.idx             -g /mnt/pub/GENCODE/M27/transcripts_to_genes.txt             -o kb_SRR4340025             -x DROPSEQ             -t 10             --h5ad             --filter bustools             fastq_gz/SRR4340025_1.fastq.gz fastq_gz/SRR4340025_2.fastq.gz
[2021-07-19 20:39:00,655]    INFO [count] Using index /mnt/pub/GENCODE/M27/transcriptome.idx to generate BUS file to kb_SRR4340025 from
[2021-07-19 20:39:00,655]    INFO [count]         fastq_gz/SRR4340025_1.fastq.gz
[2021-07-19 20:39:00,655]    INFO [count]         fastq_gz/SRR4340025_2.fastq.gz
[2021-07-19 20:41:09,417]    INFO [count] Sorting BUS file kb_SRR4340035/output.bus to kb_SRR4340035/tmp/output.s.bus
[2021-07-19 20:41:34,409]    INFO [count] Whitelist not provided
[2021-07-19 20:41:34,410]    INFO [count] Generating whitelist kb_SRR4340035/whitelist.txt from BUS file kb_SRR4340035/tmp/output.s.bus
[2021-07-19 20:41:34,557]    INFO [count] Inspecting BUS file kb_SRR4340035/tmp/output.s.bus
[2021-07-19 20:41:37,994]    INFO [count] Correcting BUS records in kb_SRR4340035/tmp/output.s.bus to kb_SRR4340035/tmp/output.s.c.bus with whitelist kb_SRR4340035/whitelist.txt
[2021-07-19 20:41:43,933]    INFO [count] Sorting BUS file kb_SRR4340035/tmp/output.s.c.bus to kb_SRR4340035/output.unfiltered.bus
[2021-07-19 20:41:55,644]    INFO [count] Generating count matrix kb_SRR4340035/counts_unfiltered/cells_x_genes from BUS file kb_SRR4340035/output.unfiltered.bus
[2021-07-19 20:42:01,262]    INFO [count] Sorting BUS file kb_SRR4340025/output.bus to kb_SRR4340025/tmp/output.s.bus
[2021-07-19 20:42:02,913]    INFO [count] Reading matrix kb_SRR4340035/counts_unfiltered/cells_x_genes.mtx
[2021-07-19 20:42:05,738]    INFO [count] Writing matrix to h5ad kb_SRR4340035/counts_unfiltered/adata.h5ad
... storing 'gene_name' as categorical
[2021-07-19 20:42:06,455]    INFO [count] Filtering with bustools
[2021-07-19 20:42:06,455]    INFO [count] Generating whitelist kb_SRR4340035/filter_barcodes.txt from BUS file kb_SRR4340035/output.unfiltered.bus
[2021-07-19 20:42:06,550]    INFO [count] Correcting BUS records in kb_SRR4340035/output.unfiltered.bus to kb_SRR4340035/tmp/output.unfiltered.c.bus with whitelist kb_SRR4340035/filter_barcodes.txt
[2021-07-19 20:42:10,291]    INFO [count] Sorting BUS file kb_SRR4340035/tmp/output.unfiltered.c.bus to kb_SRR4340035/output.filtered.bus
[2021-07-19 20:42:21,132]    INFO [count] Generating count matrix kb_SRR4340035/counts_filtered/cells_x_genes from BUS file kb_SRR4340035/output.filtered.bus
[2021-07-19 20:42:27,253]    INFO [count] Reading matrix kb_SRR4340035/counts_filtered/cells_x_genes.mtx
[2021-07-19 20:42:29,078]    INFO [count] Whitelist not provided
[2021-07-19 20:42:29,079]    INFO [count] Generating whitelist kb_SRR4340025/whitelist.txt from BUS file kb_SRR4340025/tmp/output.s.bus
[2021-07-19 20:42:29,232]    INFO [count] Inspecting BUS file kb_SRR4340025/tmp/output.s.bus
[2021-07-19 20:42:29,477]    INFO [count] Writing matrix to h5ad kb_SRR4340035/counts_filtered/adata.h5ad
... storing 'gene_name' as categorical
[Mon Jul 19 20:42:30 2021]
Finished job 16.
21 of 27 steps (78%) done
Select jobs to execute...

[Mon Jul 19 20:42:30 2021]
rule kb_gc:
    input: fastq_gz/SRR4340040_1.fastq.gz, fastq_gz/SRR4340040_2.fastq.gz
    output: kb_SRR4340040/counts_filtered/adata.h5ad
    log: logs/kallisto-bus_SRR4340040.log
    jobid: 21
    wildcards: sample=SRR4340040
    threads: 10
    resources: tmpdir=/tmp

kb count             -i /mnt/pub/GENCODE/M27/transcriptome.idx             -g /mnt/pub/GENCODE/M27/transcripts_to_genes.txt             -o kb_SRR4340040             -x DROPSEQ             -t 10             --h5ad             --filter bustools             fastq_gz/SRR4340040_1.fastq.gz fastq_gz/SRR4340040_2.fastq.gz
[2021-07-19 20:42:32,066]    INFO [count] Using index /mnt/pub/GENCODE/M27/transcriptome.idx to generate BUS file to kb_SRR4340040 from
[2021-07-19 20:42:32,066]    INFO [count]         fastq_gz/SRR4340040_1.fastq.gz
[2021-07-19 20:42:32,066]    INFO [count]         fastq_gz/SRR4340040_2.fastq.gz
[2021-07-19 20:42:33,078]    INFO [count] Correcting BUS records in kb_SRR4340025/tmp/output.s.bus to kb_SRR4340025/tmp/output.s.c.bus with whitelist kb_SRR4340025/whitelist.txt
[2021-07-19 20:42:39,675]    INFO [count] Sorting BUS file kb_SRR4340025/tmp/output.s.c.bus to kb_SRR4340025/output.unfiltered.bus
[2021-07-19 20:42:52,063]    INFO [count] Generating count matrix kb_SRR4340025/counts_unfiltered/cells_x_genes from BUS file kb_SRR4340025/output.unfiltered.bus
[2021-07-19 20:43:01,797]    INFO [count] Reading matrix kb_SRR4340025/counts_unfiltered/cells_x_genes.mtx
[2021-07-19 20:43:05,411]    INFO [count] Writing matrix to h5ad kb_SRR4340025/counts_unfiltered/adata.h5ad
... storing 'gene_name' as categorical
[2021-07-19 20:43:06,219]    INFO [count] Filtering with bustools
[2021-07-19 20:43:06,219]    INFO [count] Generating whitelist kb_SRR4340025/filter_barcodes.txt from BUS file kb_SRR4340025/output.unfiltered.bus
[2021-07-19 20:43:06,317]    INFO [count] Correcting BUS records in kb_SRR4340025/output.unfiltered.bus to kb_SRR4340025/tmp/output.unfiltered.c.bus with whitelist kb_SRR4340025/filter_barcodes.txt
[2021-07-19 20:43:11,495]    INFO [count] Sorting BUS file kb_SRR4340025/tmp/output.unfiltered.c.bus to kb_SRR4340025/output.filtered.bus
[2021-07-19 20:43:23,199]    INFO [count] Generating count matrix kb_SRR4340025/counts_filtered/cells_x_genes from BUS file kb_SRR4340025/output.filtered.bus
[2021-07-19 20:43:24,893]    INFO [count] Sorting BUS file kb_SRR4340040/output.bus to kb_SRR4340040/tmp/output.s.bus
[2021-07-19 20:43:29,331]    INFO [count] Reading matrix kb_SRR4340025/counts_filtered/cells_x_genes.mtx
[2021-07-19 20:43:30,597]    INFO [count] Whitelist not provided
[2021-07-19 20:43:30,598]    INFO [count] Generating whitelist kb_SRR4340040/whitelist.txt from BUS file kb_SRR4340040/tmp/output.s.bus
[2021-07-19 20:43:30,636]    INFO [count] Inspecting BUS file kb_SRR4340040/tmp/output.s.bus
[2021-07-19 20:43:31,733]    INFO [count] Writing matrix to h5ad kb_SRR4340025/counts_filtered/adata.h5ad
[2021-07-19 20:43:32,043]    INFO [count] Correcting BUS records in kb_SRR4340040/tmp/output.s.bus to kb_SRR4340040/tmp/output.s.c.bus with whitelist kb_SRR4340040/whitelist.txt
... storing 'gene_name' as categorical
[Mon Jul 19 20:43:32 2021]
Finished job 6.
22 of 27 steps (81%) done
Select jobs to execute...

[Mon Jul 19 20:43:32 2021]
rule kb_gc:
    input: fastq_gz/SRR4340038_1.fastq.gz, fastq_gz/SRR4340038_2.fastq.gz
    output: kb_SRR4340038/counts_filtered/adata.h5ad
    log: logs/kallisto-bus_SRR4340038.log
    jobid: 19
    wildcards: sample=SRR4340038
    threads: 10
    resources: tmpdir=/tmp

kb count             -i /mnt/pub/GENCODE/M27/transcriptome.idx             -g /mnt/pub/GENCODE/M27/transcripts_to_genes.txt             -o kb_SRR4340038             -x DROPSEQ             -t 10             --h5ad             --filter bustools             fastq_gz/SRR4340038_1.fastq.gz fastq_gz/SRR4340038_2.fastq.gz
[2021-07-19 20:43:33,017]    INFO [count] Sorting BUS file kb_SRR4340040/tmp/output.s.c.bus to kb_SRR4340040/output.unfiltered.bus
[2021-07-19 20:43:34,302]    INFO [count] Using index /mnt/pub/GENCODE/M27/transcriptome.idx to generate BUS file to kb_SRR4340038 from
[2021-07-19 20:43:34,302]    INFO [count]         fastq_gz/SRR4340038_1.fastq.gz
[2021-07-19 20:43:34,303]    INFO [count]         fastq_gz/SRR4340038_2.fastq.gz
[2021-07-19 20:43:37,435]    INFO [count] Generating count matrix kb_SRR4340040/counts_unfiltered/cells_x_genes from BUS file kb_SRR4340040/output.unfiltered.bus
[2021-07-19 20:43:41,167]    INFO [count] Reading matrix kb_SRR4340040/counts_unfiltered/cells_x_genes.mtx
[2021-07-19 20:43:42,533]    INFO [count] Writing matrix to h5ad kb_SRR4340040/counts_unfiltered/adata.h5ad
... storing 'gene_name' as categorical
[2021-07-19 20:43:43,121]    INFO [count] Filtering with bustools
[2021-07-19 20:43:43,122]    INFO [count] Generating whitelist kb_SRR4340040/filter_barcodes.txt from BUS file kb_SRR4340040/output.unfiltered.bus
[2021-07-19 20:43:43,155]    INFO [count] Correcting BUS records in kb_SRR4340040/output.unfiltered.bus to kb_SRR4340040/tmp/output.unfiltered.c.bus with whitelist kb_SRR4340040/filter_barcodes.txt
[2021-07-19 20:43:43,882]    INFO [count] Sorting BUS file kb_SRR4340040/tmp/output.unfiltered.c.bus to kb_SRR4340040/output.filtered.bus
[2021-07-19 20:43:48,202]    INFO [count] Generating count matrix kb_SRR4340040/counts_filtered/cells_x_genes from BUS file kb_SRR4340040/output.filtered.bus
[2021-07-19 20:43:51,906]    INFO [count] Reading matrix kb_SRR4340040/counts_filtered/cells_x_genes.mtx
[2021-07-19 20:43:53,341]    INFO [count] Writing matrix to h5ad kb_SRR4340040/counts_filtered/adata.h5ad
... storing 'gene_name' as categorical
[Mon Jul 19 20:43:54 2021]
Finished job 21.
23 of 27 steps (85%) done
Select jobs to execute...

[Mon Jul 19 20:43:54 2021]
rule kb_gc:
    input: fastq_gz/SRR4340027_1.fastq.gz, fastq_gz/SRR4340027_2.fastq.gz
    output: kb_SRR4340027/counts_filtered/adata.h5ad
    log: logs/kallisto-bus_SRR4340027.log
    jobid: 8
    wildcards: sample=SRR4340027
    threads: 10
    resources: tmpdir=/tmp

kb count             -i /mnt/pub/GENCODE/M27/transcriptome.idx             -g /mnt/pub/GENCODE/M27/transcripts_to_genes.txt             -o kb_SRR4340027             -x DROPSEQ             -t 10             --h5ad             --filter bustools             fastq_gz/SRR4340027_1.fastq.gz fastq_gz/SRR4340027_2.fastq.gz
[2021-07-19 20:43:55,454]    INFO [count] Using index /mnt/pub/GENCODE/M27/transcriptome.idx to generate BUS file to kb_SRR4340027 from
[2021-07-19 20:43:55,455]    INFO [count]         fastq_gz/SRR4340027_1.fastq.gz
[2021-07-19 20:43:55,455]    INFO [count]         fastq_gz/SRR4340027_2.fastq.gz
[2021-07-19 20:44:48,821]    INFO [count] Sorting BUS file kb_SRR4340038/output.bus to kb_SRR4340038/tmp/output.s.bus
[2021-07-19 20:44:58,796]    INFO [count] Whitelist not provided
[2021-07-19 20:44:58,797]    INFO [count] Generating whitelist kb_SRR4340038/whitelist.txt from BUS file kb_SRR4340038/tmp/output.s.bus
[2021-07-19 20:44:58,870]    INFO [count] Inspecting BUS file kb_SRR4340038/tmp/output.s.bus
[2021-07-19 20:45:00,069]    INFO [count] Sorting BUS file kb_SRR4340027/output.bus to kb_SRR4340027/tmp/output.s.bus
[2021-07-19 20:45:00,760]    INFO [count] Correcting BUS records in kb_SRR4340038/tmp/output.s.bus to kb_SRR4340038/tmp/output.s.c.bus with whitelist kb_SRR4340038/whitelist.txt
[2021-07-19 20:45:02,955]    INFO [count] Sorting BUS file kb_SRR4340038/tmp/output.s.c.bus to kb_SRR4340038/output.unfiltered.bus
[2021-07-19 20:45:09,153]    INFO [count] Whitelist not provided
[2021-07-19 20:45:09,154]    INFO [count] Generating whitelist kb_SRR4340027/whitelist.txt from BUS file kb_SRR4340027/tmp/output.s.bus
[2021-07-19 20:45:09,211]    INFO [count] Inspecting BUS file kb_SRR4340027/tmp/output.s.bus
[2021-07-19 20:45:09,330]    INFO [count] Generating count matrix kb_SRR4340038/counts_unfiltered/cells_x_genes from BUS file kb_SRR4340038/output.unfiltered.bus
[2021-07-19 20:45:11,026]    INFO [count] Correcting BUS records in kb_SRR4340027/tmp/output.s.bus to kb_SRR4340027/tmp/output.s.c.bus with whitelist kb_SRR4340027/whitelist.txt
[2021-07-19 20:45:12,806]    INFO [count] Sorting BUS file kb_SRR4340027/tmp/output.s.c.bus to kb_SRR4340027/output.unfiltered.bus
[2021-07-19 20:45:14,787]    INFO [count] Reading matrix kb_SRR4340038/counts_unfiltered/cells_x_genes.mtx
[2021-07-19 20:45:17,310]    INFO [count] Writing matrix to h5ad kb_SRR4340038/counts_unfiltered/adata.h5ad
... storing 'gene_name' as categorical
[2021-07-19 20:45:17,998]    INFO [count] Filtering with bustools
[2021-07-19 20:45:17,999]    INFO [count] Generating whitelist kb_SRR4340038/filter_barcodes.txt from BUS file kb_SRR4340038/output.unfiltered.bus
[2021-07-19 20:45:18,059]    INFO [count] Correcting BUS records in kb_SRR4340038/output.unfiltered.bus to kb_SRR4340038/tmp/output.unfiltered.c.bus with whitelist kb_SRR4340038/filter_barcodes.txt
[2021-07-19 20:45:18,494]    INFO [count] Generating count matrix kb_SRR4340027/counts_unfiltered/cells_x_genes from BUS file kb_SRR4340027/output.unfiltered.bus
[2021-07-19 20:45:19,780]    INFO [count] Sorting BUS file kb_SRR4340038/tmp/output.unfiltered.c.bus to kb_SRR4340038/output.filtered.bus
[2021-07-19 20:45:22,517]    INFO [count] Reading matrix kb_SRR4340027/counts_unfiltered/cells_x_genes.mtx
[2021-07-19 20:45:23,922]    INFO [count] Writing matrix to h5ad kb_SRR4340027/counts_unfiltered/adata.h5ad
... storing 'gene_name' as categorical
[2021-07-19 20:45:24,513]    INFO [count] Filtering with bustools
[2021-07-19 20:45:24,513]    INFO [count] Generating whitelist kb_SRR4340027/filter_barcodes.txt from BUS file kb_SRR4340027/output.unfiltered.bus
[2021-07-19 20:45:24,555]    INFO [count] Correcting BUS records in kb_SRR4340027/output.unfiltered.bus to kb_SRR4340027/tmp/output.unfiltered.c.bus with whitelist kb_SRR4340027/filter_barcodes.txt
[2021-07-19 20:45:25,608]    INFO [count] Generating count matrix kb_SRR4340038/counts_filtered/cells_x_genes from BUS file kb_SRR4340038/output.filtered.bus
[2021-07-19 20:45:26,178]    INFO [count] Sorting BUS file kb_SRR4340027/tmp/output.unfiltered.c.bus to kb_SRR4340027/output.filtered.bus
[2021-07-19 20:45:30,567]    INFO [count] Reading matrix kb_SRR4340038/counts_filtered/cells_x_genes.mtx
[2021-07-19 20:45:31,278]    INFO [count] Generating count matrix kb_SRR4340027/counts_filtered/cells_x_genes from BUS file kb_SRR4340027/output.filtered.bus
[2021-07-19 20:45:32,414]    INFO [count] Writing matrix to h5ad kb_SRR4340038/counts_filtered/adata.h5ad
... storing 'gene_name' as categorical
[Mon Jul 19 20:45:33 2021]
Finished job 19.
24 of 27 steps (89%) done
Select jobs to execute...

[Mon Jul 19 20:45:33 2021]
rule kb_gc:
    input: fastq_gz/SRR4340033_1.fastq.gz, fastq_gz/SRR4340033_2.fastq.gz
    output: kb_SRR4340033/counts_filtered/adata.h5ad
    log: logs/kallisto-bus_SRR4340033.log
    jobid: 14
    wildcards: sample=SRR4340033
    threads: 10
    resources: tmpdir=/tmp

kb count             -i /mnt/pub/GENCODE/M27/transcriptome.idx             -g /mnt/pub/GENCODE/M27/transcripts_to_genes.txt             -o kb_SRR4340033             -x DROPSEQ             -t 10             --h5ad             --filter bustools             fastq_gz/SRR4340033_1.fastq.gz fastq_gz/SRR4340033_2.fastq.gz
[2021-07-19 20:45:34,629]    INFO [count] Using index /mnt/pub/GENCODE/M27/transcriptome.idx to generate BUS file to kb_SRR4340033 from
[2021-07-19 20:45:34,629]    INFO [count]         fastq_gz/SRR4340033_1.fastq.gz
[2021-07-19 20:45:34,629]    INFO [count]         fastq_gz/SRR4340033_2.fastq.gz
[2021-07-19 20:45:34,927]    INFO [count] Reading matrix kb_SRR4340027/counts_filtered/cells_x_genes.mtx
[2021-07-19 20:45:36,049]    INFO [count] Writing matrix to h5ad kb_SRR4340027/counts_filtered/adata.h5ad
... storing 'gene_name' as categorical
[Mon Jul 19 20:45:36 2021]
Finished job 8.
25 of 27 steps (93%) done
[2021-07-19 20:48:39,409]    INFO [count] Sorting BUS file kb_SRR4340033/output.bus to kb_SRR4340033/tmp/output.s.bus
[2021-07-19 20:49:05,382]    INFO [count] Whitelist not provided
[2021-07-19 20:49:05,383]    INFO [count] Generating whitelist kb_SRR4340033/whitelist.txt from BUS file kb_SRR4340033/tmp/output.s.bus
[2021-07-19 20:49:05,534]    INFO [count] Inspecting BUS file kb_SRR4340033/tmp/output.s.bus
[2021-07-19 20:49:08,505]    INFO [count] Correcting BUS records in kb_SRR4340033/tmp/output.s.bus to kb_SRR4340033/tmp/output.s.c.bus with whitelist kb_SRR4340033/whitelist.txt
[2021-07-19 20:49:14,644]    INFO [count] Sorting BUS file kb_SRR4340033/tmp/output.s.c.bus to kb_SRR4340033/output.unfiltered.bus
[2021-07-19 20:49:26,125]    INFO [count] Generating count matrix kb_SRR4340033/counts_unfiltered/cells_x_genes from BUS file kb_SRR4340033/output.unfiltered.bus
[2021-07-19 20:49:33,277]    INFO [count] Reading matrix kb_SRR4340033/counts_unfiltered/cells_x_genes.mtx
[2021-07-19 20:49:36,160]    INFO [count] Writing matrix to h5ad kb_SRR4340033/counts_unfiltered/adata.h5ad
... storing 'gene_name' as categorical
[2021-07-19 20:49:36,892]    INFO [count] Filtering with bustools
[2021-07-19 20:49:36,892]    INFO [count] Generating whitelist kb_SRR4340033/filter_barcodes.txt from BUS file kb_SRR4340033/output.unfiltered.bus
[2021-07-19 20:49:36,987]    INFO [count] Correcting BUS records in kb_SRR4340033/output.unfiltered.bus to kb_SRR4340033/tmp/output.unfiltered.c.bus with whitelist kb_SRR4340033/filter_barcodes.txt
[2021-07-19 20:49:41,335]    INFO [count] Sorting BUS file kb_SRR4340033/tmp/output.unfiltered.c.bus to kb_SRR4340033/output.filtered.bus
[2021-07-19 20:49:51,748]    INFO [count] Generating count matrix kb_SRR4340033/counts_filtered/cells_x_genes from BUS file kb_SRR4340033/output.filtered.bus
[2021-07-19 20:49:57,487]    INFO [count] Reading matrix kb_SRR4340033/counts_filtered/cells_x_genes.mtx
[2021-07-19 20:49:59,552]    INFO [count] Writing matrix to h5ad kb_SRR4340033/counts_filtered/adata.h5ad
... storing 'gene_name' as categorical
[Mon Jul 19 20:50:00 2021]
Finished job 14.
26 of 27 steps (96%) done
Select jobs to execute...

[Mon Jul 19 20:50:00 2021]
localrule all:
    input: kb_SRR4340020/counts_filtered/adata.h5ad, kb_SRR4340021/counts_filtered/adata.h5ad, kb_SRR4340022/counts_filtered/adata.h5ad, kb_SRR4340023/counts_filtered/adata.h5ad, kb_SRR4340024/counts_filtered/adata.h5ad, kb_SRR4340025/counts_filtered/adata.h5ad, kb_SRR4340026/counts_filtered/adata.h5ad, kb_SRR4340027/counts_filtered/adata.h5ad, kb_SRR4340028/counts_filtered/adata.h5ad, kb_SRR4340029/counts_filtered/adata.h5ad, kb_SRR4340030/counts_filtered/adata.h5ad, kb_SRR4340031/counts_filtered/adata.h5ad, kb_SRR4340032/counts_filtered/adata.h5ad, kb_SRR4340033/counts_filtered/adata.h5ad, kb_SRR4340034/counts_filtered/adata.h5ad, kb_SRR4340035/counts_filtered/adata.h5ad, kb_SRR4340036/counts_filtered/adata.h5ad, kb_SRR4340037/counts_filtered/adata.h5ad, kb_SRR4340038/counts_filtered/adata.h5ad, kb_SRR4340039/counts_filtered/adata.h5ad, kb_SRR4340040/counts_filtered/adata.h5ad, kb_SRR4340041/counts_filtered/adata.h5ad, kb_SRR4340042/counts_filtered/adata.h5ad, kb_SRR4340043/counts_filtered/adata.h5ad, kb_SRR4340044/counts_filtered/adata.h5ad, kb_SRR4340045/counts_filtered/adata.h5ad
    jobid: 0
    resources: tmpdir=/tmp

[Mon Jul 19 20:50:00 2021]
Finished job 0.
27 of 27 steps (100%) done
Complete log: /mnt/data/PRJNA345147/.snakemake/log/2021-07-19T200518.922839.snakemake.log
